Command line invocation:
    /Applications/Xcode.app/Contents/Developer/usr/bin/xcodebuild -workspace build/mac/GameEngine.xcodeproj/project.xcworkspace -scheme client -configuration Debug

User defaults from command line:
    IDEPackageSupportUseBuiltinSCM = YES

note: Using new build system
note: Planning
Analyze workspace

Create build description
Build description signature: d640cdc1e416ec3088e34b842784bd8e
Build description path: /Users/jesson/Documents/GameEngine/build/mac/build/XCBuildData/d640cdc1e416ec3088e34b842784bd8e-desc.xcbuild

note: Build preparation complete
note: Building targets in dependency order
CreateBuildDirectory /Users/jesson/Documents/GameEngine/build/mac/client
    cd /Users/jesson/Documents/GameEngine/build/mac/GameEngine.xcodeproj
    builtin-create-build-directory /Users/jesson/Documents/GameEngine/build/mac/client

CreateBuildDirectory /Users/jesson/Documents/GameEngine/build/mac/bin/Debug
    cd /Users/jesson/Documents/GameEngine/build/mac/GameEngine.xcodeproj
    builtin-create-build-directory /Users/jesson/Documents/GameEngine/build/mac/bin/Debug

MkDir /Users/jesson/Documents/GameEngine/build/mac/bin/Debug/game.app (in target 'client' from project 'GameEngine')
    cd /Users/jesson/Documents/GameEngine
    /bin/mkdir -p /Users/jesson/Documents/GameEngine/build/mac/bin/Debug/game.app

MkDir /Users/jesson/Documents/GameEngine/build/mac/bin/Debug/game.app/Contents/MacOS (in target 'client' from project 'GameEngine')
    cd /Users/jesson/Documents/GameEngine
    /bin/mkdir -p /Users/jesson/Documents/GameEngine/build/mac/bin/Debug/game.app/Contents/MacOS

MkDir /Users/jesson/Documents/GameEngine/build/mac/bin/Debug/game.app/Contents/Resources (in target 'client' from project 'GameEngine')
    cd /Users/jesson/Documents/GameEngine
    /bin/mkdir -p /Users/jesson/Documents/GameEngine/build/mac/bin/Debug/game.app/Contents/Resources

MkDir /Users/jesson/Documents/GameEngine/build/mac/bin/Debug/game.app/Contents/Frameworks (in target 'client' from project 'GameEngine')
    cd /Users/jesson/Documents/GameEngine
    /bin/mkdir -p /Users/jesson/Documents/GameEngine/build/mac/bin/Debug/game.app/Contents/Frameworks

MkDir /Users/jesson/Documents/GameEngine/build/mac/bin/Debug/game.app/Contents (in target 'client' from project 'GameEngine')
    cd /Users/jesson/Documents/GameEngine
    /bin/mkdir -p /Users/jesson/Documents/GameEngine/build/mac/bin/Debug/game.app/Contents

WriteAuxiliaryFile /Users/jesson/Documents/GameEngine/build/mac/client/GameEngine.build/Debug/client.build/DerivedSources/Entitlements.plist (in target 'client' from project 'GameEngine')
    cd /Users/jesson/Documents/GameEngine
    write-file /Users/jesson/Documents/GameEngine/build/mac/client/GameEngine.build/Debug/client.build/DerivedSources/Entitlements.plist

ProcessProductPackaging "" /Users/jesson/Documents/GameEngine/build/mac/client/GameEngine.build/Debug/client.build/game.app.xcent (in target 'client' from project 'GameEngine')
    cd /Users/jesson/Documents/GameEngine
    
    Entitlements:
    
    {
    "com.apple.security.get-task-allow" = 1;
}
    
    builtin-productPackagingUtility -entitlements -format xml -o /Users/jesson/Documents/GameEngine/build/mac/client/GameEngine.build/Debug/client.build/game.app.xcent

CpResource /Users/jesson/Documents/GameEngine/build/mac/bin/Debug/game.app/Contents/Resources/test003.vs /Users/jesson/Documents/GameEngine/client/res/test003.vs (in target 'client' from project 'GameEngine')
    cd /Users/jesson/Documents/GameEngine
    builtin-copy -exclude .DS_Store -exclude CVS -exclude .svn -exclude .git -exclude .hg -strip-debug-symbols -strip-tool /Applications/Xcode.app/Contents/Developer/Toolchains/XcodeDefault.xctoolchain/usr/bin/strip -resolve-src-symlinks /Users/jesson/Documents/GameEngine/client/res/test003.vs /Users/jesson/Documents/GameEngine/build/mac/bin/Debug/game.app/Contents/Resources

CpResource /Users/jesson/Documents/GameEngine/build/mac/bin/Debug/game.app/Contents/Resources/test2.jpg /Users/jesson/Documents/GameEngine/client/res/test2.jpg (in target 'client' from project 'GameEngine')
    cd /Users/jesson/Documents/GameEngine
    builtin-copy -exclude .DS_Store -exclude CVS -exclude .svn -exclude .git -exclude .hg -strip-debug-symbols -strip-tool /Applications/Xcode.app/Contents/Developer/Toolchains/XcodeDefault.xctoolchain/usr/bin/strip -resolve-src-symlinks /Users/jesson/Documents/GameEngine/client/res/test2.jpg /Users/jesson/Documents/GameEngine/build/mac/bin/Debug/game.app/Contents/Resources

CpResource /Users/jesson/Documents/GameEngine/build/mac/bin/Debug/game.app/Contents/Resources/test003.ps /Users/jesson/Documents/GameEngine/client/res/test003.ps (in target 'client' from project 'GameEngine')
    cd /Users/jesson/Documents/GameEngine
    builtin-copy -exclude .DS_Store -exclude CVS -exclude .svn -exclude .git -exclude .hg -strip-debug-symbols -strip-tool /Applications/Xcode.app/Contents/Developer/Toolchains/XcodeDefault.xctoolchain/usr/bin/strip -resolve-src-symlinks /Users/jesson/Documents/GameEngine/client/res/test003.ps /Users/jesson/Documents/GameEngine/build/mac/bin/Debug/game.app/Contents/Resources

CpResource /Users/jesson/Documents/GameEngine/build/mac/bin/Debug/game.app/Contents/Resources/test002.vs /Users/jesson/Documents/GameEngine/client/res/test002.vs (in target 'client' from project 'GameEngine')
    cd /Users/jesson/Documents/GameEngine
    builtin-copy -exclude .DS_Store -exclude CVS -exclude .svn -exclude .git -exclude .hg -strip-debug-symbols -strip-tool /Applications/Xcode.app/Contents/Developer/Toolchains/XcodeDefault.xctoolchain/usr/bin/strip -resolve-src-symlinks /Users/jesson/Documents/GameEngine/client/res/test002.vs /Users/jesson/Documents/GameEngine/build/mac/bin/Debug/game.app/Contents/Resources

CpResource /Users/jesson/Documents/GameEngine/build/mac/bin/Debug/game.app/Contents/Resources/test002.ps /Users/jesson/Documents/GameEngine/client/res/test002.ps (in target 'client' from project 'GameEngine')
    cd /Users/jesson/Documents/GameEngine
    builtin-copy -exclude .DS_Store -exclude CVS -exclude .svn -exclude .git -exclude .hg -strip-debug-symbols -strip-tool /Applications/Xcode.app/Contents/Developer/Toolchains/XcodeDefault.xctoolchain/usr/bin/strip -resolve-src-symlinks /Users/jesson/Documents/GameEngine/client/res/test002.ps /Users/jesson/Documents/GameEngine/build/mac/bin/Debug/game.app/Contents/Resources

CpResource /Users/jesson/Documents/GameEngine/build/mac/bin/Debug/game.app/Contents/Resources/test001.vs /Users/jesson/Documents/GameEngine/client/res/test001.vs (in target 'client' from project 'GameEngine')
    cd /Users/jesson/Documents/GameEngine
    builtin-copy -exclude .DS_Store -exclude CVS -exclude .svn -exclude .git -exclude .hg -strip-debug-symbols -strip-tool /Applications/Xcode.app/Contents/Developer/Toolchains/XcodeDefault.xctoolchain/usr/bin/strip -resolve-src-symlinks /Users/jesson/Documents/GameEngine/client/res/test001.vs /Users/jesson/Documents/GameEngine/build/mac/bin/Debug/game.app/Contents/Resources

CpResource /Users/jesson/Documents/GameEngine/build/mac/bin/Debug/game.app/Contents/Resources/test001.ps /Users/jesson/Documents/GameEngine/client/res/test001.ps (in target 'client' from project 'GameEngine')
    cd /Users/jesson/Documents/GameEngine
    builtin-copy -exclude .DS_Store -exclude CVS -exclude .svn -exclude .git -exclude .hg -strip-debug-symbols -strip-tool /Applications/Xcode.app/Contents/Developer/Toolchains/XcodeDefault.xctoolchain/usr/bin/strip -resolve-src-symlinks /Users/jesson/Documents/GameEngine/client/res/test001.ps /Users/jesson/Documents/GameEngine/build/mac/bin/Debug/game.app/Contents/Resources

CpResource /Users/jesson/Documents/GameEngine/build/mac/bin/Debug/game.app/Contents/Resources/test.jpg /Users/jesson/Documents/GameEngine/client/res/test.jpg (in target 'client' from project 'GameEngine')
    cd /Users/jesson/Documents/GameEngine
    builtin-copy -exclude .DS_Store -exclude CVS -exclude .svn -exclude .git -exclude .hg -strip-debug-symbols -strip-tool /Applications/Xcode.app/Contents/Developer/Toolchains/XcodeDefault.xctoolchain/usr/bin/strip -resolve-src-symlinks /Users/jesson/Documents/GameEngine/client/res/test.jpg /Users/jesson/Documents/GameEngine/build/mac/bin/Debug/game.app/Contents/Resources

CpResource /Users/jesson/Documents/GameEngine/build/mac/bin/Debug/game.app/Contents/Resources/fonttitle02.ttf /Users/jesson/Documents/GameEngine/client/res/fonttitle02.ttf (in target 'client' from project 'GameEngine')
    cd /Users/jesson/Documents/GameEngine
    builtin-copy -exclude .DS_Store -exclude CVS -exclude .svn -exclude .git -exclude .hg -strip-debug-symbols -strip-tool /Applications/Xcode.app/Contents/Developer/Toolchains/XcodeDefault.xctoolchain/usr/bin/strip -resolve-src-symlinks /Users/jesson/Documents/GameEngine/client/res/fonttitle02.ttf /Users/jesson/Documents/GameEngine/build/mac/bin/Debug/game.app/Contents/Resources

CompileAssetCatalog /Users/jesson/Documents/GameEngine/build/mac/bin/Debug/game.app/Contents/Resources /Users/jesson/Documents/GameEngine/client/mac/Assets.xcassets (in target 'client' from project 'GameEngine')
    cd /Users/jesson/Documents/GameEngine
    /Applications/Xcode.app/Contents/Developer/usr/bin/actool --output-format human-readable-text --notices --warnings --export-dependency-info /Users/jesson/Documents/GameEngine/build/mac/client/GameEngine.build/Debug/client.build/assetcatalog_dependencies --output-partial-info-plist /Users/jesson/Documents/GameEngine/build/mac/client/GameEngine.build/Debug/client.build/assetcatalog_generated_info.plist --app-icon AppIcon --enable-on-demand-resources NO --development-region en --target-device mac --minimum-deployment-target 10.10 --platform macosx --compile /Users/jesson/Documents/GameEngine/build/mac/bin/Debug/game.app/Contents/Resources /Users/jesson/Documents/GameEngine/client/mac/Assets.xcassets
/* com.apple.actool.compilation-results */
/Users/jesson/Documents/GameEngine/build/mac/client/GameEngine.build/Debug/client.build/assetcatalog_generated_info.plist


ProcessInfoPlistFile /Users/jesson/Documents/GameEngine/build/mac/bin/Debug/game.app/Contents/Info.plist /Users/jesson/Documents/GameEngine/build/mac/client/CMakeFiles/client.dir/Info.plist (in target 'client' from project 'GameEngine')
    cd /Users/jesson/Documents/GameEngine
    builtin-infoPlistUtility /Users/jesson/Documents/GameEngine/build/mac/client/CMakeFiles/client.dir/Info.plist -producttype com.apple.product-type.application -genpkginfo /Users/jesson/Documents/GameEngine/build/mac/bin/Debug/game.app/Contents/PkgInfo -expandbuildsettings -platform macosx -additionalcontentfile /Users/jesson/Documents/GameEngine/build/mac/client/GameEngine.build/Debug/client.build/assetcatalog_generated_info.plist -o /Users/jesson/Documents/GameEngine/build/mac/bin/Debug/game.app/Contents/Info.plist

Copy /Users/jesson/Documents/GameEngine/build/mac/bin/Debug/game.app/Contents/Frameworks/libGLEW.2.2.dylib /Users/jesson/Documents/GameEngine/dependencies/glew-2.2.0/lib/mac/libGLEW.2.2.dylib (in target 'client' from project 'GameEngine')
    cd /Users/jesson/Documents/GameEngine
    builtin-copy -exclude .DS_Store -exclude CVS -exclude .svn -exclude .git -exclude .hg -strip-debug-symbols -strip-tool /Applications/Xcode.app/Contents/Developer/Toolchains/XcodeDefault.xctoolchain/usr/bin/strip -resolve-src-symlinks /Users/jesson/Documents/GameEngine/dependencies/glew-2.2.0/lib/mac/libGLEW.2.2.dylib /Users/jesson/Documents/GameEngine/build/mac/bin/Debug/game.app/Contents/Frameworks
/Applications/Xcode.app/Contents/Developer/Toolchains/XcodeDefault.xctoolchain/usr/bin/strip -S /Users/jesson/Documents/GameEngine/dependencies/glew-2.2.0/lib/mac/libGLEW.2.2.0.dylib -o /Users/jesson/Documents/GameEngine/build/mac/bin/Debug/game.app/Contents/Frameworks/libGLEW.2.2.dylib 
Copy /Users/jesson/Documents/GameEngine/build/mac/bin/Debug/game.app/Contents/Frameworks/libGLEW.dylib /Users/jesson/Documents/GameEngine/dependencies/glew-2.2.0/lib/mac/libGLEW.dylib (in target 'client' from project 'GameEngine')
    cd /Users/jesson/Documents/GameEngine
    builtin-copy -exclude .DS_Store -exclude CVS -exclude .svn -exclude .git -exclude .hg -strip-debug-symbols -strip-tool /Applications/Xcode.app/Contents/Developer/Toolchains/XcodeDefault.xctoolchain/usr/bin/strip -resolve-src-symlinks /Users/jesson/Documents/GameEngine/dependencies/glew-2.2.0/lib/mac/libGLEW.dylib /Users/jesson/Documents/GameEngine/build/mac/bin/Debug/game.app/Contents/Frameworks
/Applications/Xcode.app/Contents/Developer/Toolchains/XcodeDefault.xctoolchain/usr/bin/strip -S /Users/jesson/Documents/GameEngine/dependencies/glew-2.2.0/lib/mac/libGLEW.2.2.0.dylib -o /Users/jesson/Documents/GameEngine/build/mac/bin/Debug/game.app/Contents/Frameworks/libGLEW.dylib 

Copy /Users/jesson/Documents/GameEngine/build/mac/bin/Debug/game.app/Contents/Frameworks/libGLEW.2.2.0.dylib /Users/jesson/Documents/GameEngine/dependencies/glew-2.2.0/lib/mac/libGLEW.2.2.0.dylib (in target 'client' from project 'GameEngine')
    cd /Users/jesson/Documents/GameEngine
    builtin-copy -exclude .DS_Store -exclude CVS -exclude .svn -exclude .git -exclude .hg -strip-debug-symbols -strip-tool /Applications/Xcode.app/Contents/Developer/Toolchains/XcodeDefault.xctoolchain/usr/bin/strip -resolve-src-symlinks /Users/jesson/Documents/GameEngine/dependencies/glew-2.2.0/lib/mac/libGLEW.2.2.0.dylib /Users/jesson/Documents/GameEngine/build/mac/bin/Debug/game.app/Contents/Frameworks
/Applications/Xcode.app/Contents/Developer/Toolchains/XcodeDefault.xctoolchain/usr/bin/strip -S /Users/jesson/Documents/GameEngine/dependencies/glew-2.2.0/lib/mac/libGLEW.2.2.0.dylib -o /Users/jesson/Documents/GameEngine/build/mac/bin/Debug/game.app/Contents/Frameworks/libGLEW.2.2.0.dylib 

CodeSign /Users/jesson/Documents/GameEngine/build/mac/bin/Debug/game.app/Contents/Frameworks/libGLEW.dylib (in target 'client' from project 'GameEngine')
    cd /Users/jesson/Documents/GameEngine
    export CODESIGN_ALLOCATE\=/Applications/Xcode.app/Contents/Developer/Toolchains/XcodeDefault.xctoolchain/usr/bin/codesign_allocate
    
    Signing Identity:     "-"
    
    /usr/bin/codesign --force --sign - --timestamp\=none --preserve-metadata\=identifier,entitlements,flags --generate-entitlement-der /Users/jesson/Documents/GameEngine/build/mac/bin/Debug/game.app/Contents/Frameworks/libGLEW.dylib

CodeSign /Users/jesson/Documents/GameEngine/build/mac/bin/Debug/game.app/Contents/Frameworks/libGLEW.2.2.dylib (in target 'client' from project 'GameEngine')
    cd /Users/jesson/Documents/GameEngine
    export CODESIGN_ALLOCATE\=/Applications/Xcode.app/Contents/Developer/Toolchains/XcodeDefault.xctoolchain/usr/bin/codesign_allocate
    
    Signing Identity:     "-"
    
    /usr/bin/codesign --force --sign - --timestamp\=none --preserve-metadata\=identifier,entitlements,flags --generate-entitlement-der /Users/jesson/Documents/GameEngine/build/mac/bin/Debug/game.app/Contents/Frameworks/libGLEW.2.2.dylib

CodeSign /Users/jesson/Documents/GameEngine/build/mac/bin/Debug/game.app/Contents/Frameworks/libGLEW.2.2.0.dylib (in target 'client' from project 'GameEngine')
    cd /Users/jesson/Documents/GameEngine
    export CODESIGN_ALLOCATE\=/Applications/Xcode.app/Contents/Developer/Toolchains/XcodeDefault.xctoolchain/usr/bin/codesign_allocate
    
    Signing Identity:     "-"
    
    /usr/bin/codesign --force --sign - --timestamp\=none --preserve-metadata\=identifier,entitlements,flags --generate-entitlement-der /Users/jesson/Documents/GameEngine/build/mac/bin/Debug/game.app/Contents/Frameworks/libGLEW.2.2.0.dylib

WriteAuxiliaryFile /Users/jesson/Documents/GameEngine/build/mac/client/GameEngine.build/Debug/client.build/Objects-normal/x86_64/game.LinkFileList (in target 'client' from project 'GameEngine')
    cd /Users/jesson/Documents/GameEngine
    write-file /Users/jesson/Documents/GameEngine/build/mac/client/GameEngine.build/Debug/client.build/Objects-normal/x86_64/game.LinkFileList

CompileC /Users/jesson/Documents/GameEngine/build/mac/client/GameEngine.build/Debug/client.build/Objects-normal/x86_64/imgui_widgets.o /Users/jesson/Documents/GameEngine/dependencies/imgui/imgui_widgets.cpp normal x86_64 c++ com.apple.compilers.llvm.clang.1_0.compiler (in target 'client' from project 'GameEngine')
    cd /Users/jesson/Documents/GameEngine
    export LANG\=en_US.US-ASCII
    /Applications/Xcode.app/Contents/Developer/Toolchains/XcodeDefault.xctoolchain/usr/bin/clang -x c++ -target x86_64-apple-macos10.10 -fmessage-length\=0 -fdiagnostics-show-note-include-stack -fmacro-backtrace-limit\=0 -Wno-trigraphs -fpascal-strings -O0 -Wno-missing-field-initializers -Wno-missing-prototypes -Wno-return-type -Wno-non-virtual-dtor -Wno-overloaded-virtual -Wno-exit-time-destructors -Wno-missing-braces -Wparentheses -Wswitch -Wno-unused-function -Wno-unused-label -Wno-unused-parameter -Wno-unused-variable -Wunused-value -Wno-empty-body -Wno-uninitialized -Wno-unknown-pragmas -Wno-shadow -Wno-four-char-constants -Wno-conversion -Wno-constant-conversion -Wno-int-conversion -Wno-bool-conversion -Wno-enum-conversion -Wno-float-conversion -Wno-non-literal-null-conversion -Wno-objc-literal-conversion -Wno-shorten-64-to-32 -Wno-newline-eof -Wno-c++11-extensions -DCMAKE_INTDIR\=\"Debug\" -isysroot /Applications/Xcode.app/Contents/Developer/Platforms/MacOSX.platform/Developer/SDKs/MacOSX12.3.sdk -fasm-blocks -fstrict-aliasing -Wdeprecated-declarations -Winvalid-offsetof -g -Wno-sign-conversion -Wno-infinite-recursion -Wno-move -Wno-comma -Wno-block-capture-autoreleasing -Wno-strict-prototypes -Wno-range-loop-analysis -Wno-semicolon-before-method-body -index-store-path /Users/jesson/Library/Developer/Xcode/DerivedData/GameEngine-domfmbeeahxkpvgrswwgcakpbmea/Index/DataStore -I/Users/jesson/Documents/GameEngine/build/mac/bin/Debug/include -I/Users/jesson/Documents/GameEngine/dependencies/glew-2.1.0/include -I/Users/jesson/Documents/GameEngine/dependencies/imgui -I/Users/jesson/Documents/GameEngine/dependencies/glm-0.9.8.5 -I/Users/jesson/Documents/GameEngine/build/mac/client/GameEngine.build/Debug/client.build/DerivedSources-normal/x86_64 -I/Users/jesson/Documents/GameEngine/build/mac/client/GameEngine.build/Debug/client.build/DerivedSources/x86_64 -I/Users/jesson/Documents/GameEngine/build/mac/client/GameEngine.build/Debug/client.build/DerivedSources -F/Users/jesson/Documents/GameEngine/build/mac/bin/Debug -std\=gnu++11 -MMD -MT dependencies -MF /Users/jesson/Documents/GameEngine/build/mac/client/GameEngine.build/Debug/client.build/Objects-normal/x86_64/imgui_widgets.d --serialize-diagnostics /Users/jesson/Documents/GameEngine/build/mac/client/GameEngine.build/Debug/client.build/Objects-normal/x86_64/imgui_widgets.dia -c /Users/jesson/Documents/GameEngine/dependencies/imgui/imgui_widgets.cpp -o /Users/jesson/Documents/GameEngine/build/mac/client/GameEngine.build/Debug/client.build/Objects-normal/x86_64/imgui_widgets.o -index-unit-output-path /GameEngine.build/Debug/client.build/Objects-normal/x86_64/imgui_widgets.o

CompileC /Users/jesson/Documents/GameEngine/build/mac/client/GameEngine.build/Debug/client.build/Objects-normal/x86_64/stb_image.o /Users/jesson/Documents/GameEngine/client/stb_image.cpp normal x86_64 c++ com.apple.compilers.llvm.clang.1_0.compiler (in target 'client' from project 'GameEngine')
    cd /Users/jesson/Documents/GameEngine
    export LANG\=en_US.US-ASCII
    /Applications/Xcode.app/Contents/Developer/Toolchains/XcodeDefault.xctoolchain/usr/bin/clang -x c++ -target x86_64-apple-macos10.10 -fmessage-length\=0 -fdiagnostics-show-note-include-stack -fmacro-backtrace-limit\=0 -Wno-trigraphs -fpascal-strings -O0 -Wno-missing-field-initializers -Wno-missing-prototypes -Wno-return-type -Wno-non-virtual-dtor -Wno-overloaded-virtual -Wno-exit-time-destructors -Wno-missing-braces -Wparentheses -Wswitch -Wno-unused-function -Wno-unused-label -Wno-unused-parameter -Wno-unused-variable -Wunused-value -Wno-empty-body -Wno-uninitialized -Wno-unknown-pragmas -Wno-shadow -Wno-four-char-constants -Wno-conversion -Wno-constant-conversion -Wno-int-conversion -Wno-bool-conversion -Wno-enum-conversion -Wno-float-conversion -Wno-non-literal-null-conversion -Wno-objc-literal-conversion -Wno-shorten-64-to-32 -Wno-newline-eof -Wno-c++11-extensions -DCMAKE_INTDIR\=\"Debug\" -isysroot /Applications/Xcode.app/Contents/Developer/Platforms/MacOSX.platform/Developer/SDKs/MacOSX12.3.sdk -fasm-blocks -fstrict-aliasing -Wdeprecated-declarations -Winvalid-offsetof -g -Wno-sign-conversion -Wno-infinite-recursion -Wno-move -Wno-comma -Wno-block-capture-autoreleasing -Wno-strict-prototypes -Wno-range-loop-analysis -Wno-semicolon-before-method-body -index-store-path /Users/jesson/Library/Developer/Xcode/DerivedData/GameEngine-domfmbeeahxkpvgrswwgcakpbmea/Index/DataStore -I/Users/jesson/Documents/GameEngine/build/mac/bin/Debug/include -I/Users/jesson/Documents/GameEngine/dependencies/glew-2.1.0/include -I/Users/jesson/Documents/GameEngine/dependencies/imgui -I/Users/jesson/Documents/GameEngine/dependencies/glm-0.9.8.5 -I/Users/jesson/Documents/GameEngine/build/mac/client/GameEngine.build/Debug/client.build/DerivedSources-normal/x86_64 -I/Users/jesson/Documents/GameEngine/build/mac/client/GameEngine.build/Debug/client.build/DerivedSources/x86_64 -I/Users/jesson/Documents/GameEngine/build/mac/client/GameEngine.build/Debug/client.build/DerivedSources -F/Users/jesson/Documents/GameEngine/build/mac/bin/Debug -std\=gnu++11 -MMD -MT dependencies -MF /Users/jesson/Documents/GameEngine/build/mac/client/GameEngine.build/Debug/client.build/Objects-normal/x86_64/stb_image.d --serialize-diagnostics /Users/jesson/Documents/GameEngine/build/mac/client/GameEngine.build/Debug/client.build/Objects-normal/x86_64/stb_image.dia -c /Users/jesson/Documents/GameEngine/client/stb_image.cpp -o /Users/jesson/Documents/GameEngine/build/mac/client/GameEngine.build/Debug/client.build/Objects-normal/x86_64/stb_image.o -index-unit-output-path /GameEngine.build/Debug/client.build/Objects-normal/x86_64/stb_image.o

CompileC /Users/jesson/Documents/GameEngine/build/mac/client/GameEngine.build/Debug/client.build/Objects-normal/x86_64/imgui_tables.o /Users/jesson/Documents/GameEngine/dependencies/imgui/imgui_tables.cpp normal x86_64 c++ com.apple.compilers.llvm.clang.1_0.compiler (in target 'client' from project 'GameEngine')
    cd /Users/jesson/Documents/GameEngine
    export LANG\=en_US.US-ASCII
    /Applications/Xcode.app/Contents/Developer/Toolchains/XcodeDefault.xctoolchain/usr/bin/clang -x c++ -target x86_64-apple-macos10.10 -fmessage-length\=0 -fdiagnostics-show-note-include-stack -fmacro-backtrace-limit\=0 -Wno-trigraphs -fpascal-strings -O0 -Wno-missing-field-initializers -Wno-missing-prototypes -Wno-return-type -Wno-non-virtual-dtor -Wno-overloaded-virtual -Wno-exit-time-destructors -Wno-missing-braces -Wparentheses -Wswitch -Wno-unused-function -Wno-unused-label -Wno-unused-parameter -Wno-unused-variable -Wunused-value -Wno-empty-body -Wno-uninitialized -Wno-unknown-pragmas -Wno-shadow -Wno-four-char-constants -Wno-conversion -Wno-constant-conversion -Wno-int-conversion -Wno-bool-conversion -Wno-enum-conversion -Wno-float-conversion -Wno-non-literal-null-conversion -Wno-objc-literal-conversion -Wno-shorten-64-to-32 -Wno-newline-eof -Wno-c++11-extensions -DCMAKE_INTDIR\=\"Debug\" -isysroot /Applications/Xcode.app/Contents/Developer/Platforms/MacOSX.platform/Developer/SDKs/MacOSX12.3.sdk -fasm-blocks -fstrict-aliasing -Wdeprecated-declarations -Winvalid-offsetof -g -Wno-sign-conversion -Wno-infinite-recursion -Wno-move -Wno-comma -Wno-block-capture-autoreleasing -Wno-strict-prototypes -Wno-range-loop-analysis -Wno-semicolon-before-method-body -index-store-path /Users/jesson/Library/Developer/Xcode/DerivedData/GameEngine-domfmbeeahxkpvgrswwgcakpbmea/Index/DataStore -I/Users/jesson/Documents/GameEngine/build/mac/bin/Debug/include -I/Users/jesson/Documents/GameEngine/dependencies/glew-2.1.0/include -I/Users/jesson/Documents/GameEngine/dependencies/imgui -I/Users/jesson/Documents/GameEngine/dependencies/glm-0.9.8.5 -I/Users/jesson/Documents/GameEngine/build/mac/client/GameEngine.build/Debug/client.build/DerivedSources-normal/x86_64 -I/Users/jesson/Documents/GameEngine/build/mac/client/GameEngine.build/Debug/client.build/DerivedSources/x86_64 -I/Users/jesson/Documents/GameEngine/build/mac/client/GameEngine.build/Debug/client.build/DerivedSources -F/Users/jesson/Documents/GameEngine/build/mac/bin/Debug -std\=gnu++11 -MMD -MT dependencies -MF /Users/jesson/Documents/GameEngine/build/mac/client/GameEngine.build/Debug/client.build/Objects-normal/x86_64/imgui_tables.d --serialize-diagnostics /Users/jesson/Documents/GameEngine/build/mac/client/GameEngine.build/Debug/client.build/Objects-normal/x86_64/imgui_tables.dia -c /Users/jesson/Documents/GameEngine/dependencies/imgui/imgui_tables.cpp -o /Users/jesson/Documents/GameEngine/build/mac/client/GameEngine.build/Debug/client.build/Objects-normal/x86_64/imgui_tables.o -index-unit-output-path /GameEngine.build/Debug/client.build/Objects-normal/x86_64/imgui_tables.o

CompileC /Users/jesson/Documents/GameEngine/build/mac/client/GameEngine.build/Debug/client.build/Objects-normal/x86_64/main.o /Users/jesson/Documents/GameEngine/client/mac/main.mm normal x86_64 objective-c++ com.apple.compilers.llvm.clang.1_0.compiler (in target 'client' from project 'GameEngine')
    cd /Users/jesson/Documents/GameEngine
    export LANG\=en_US.US-ASCII
    /Applications/Xcode.app/Contents/Developer/Toolchains/XcodeDefault.xctoolchain/usr/bin/clang -x objective-c++ -target x86_64-apple-macos10.10 -fmessage-length\=0 -fdiagnostics-show-note-include-stack -fmacro-backtrace-limit\=0 -Wno-trigraphs -fpascal-strings -O0 -Wno-missing-field-initializers -Wno-missing-prototypes -Wno-return-type -Wno-implicit-atomic-properties -Wno-objc-interface-ivars -Wno-arc-repeated-use-of-weak -Wno-non-virtual-dtor -Wno-overloaded-virtual -Wno-exit-time-destructors -Wno-missing-braces -Wparentheses -Wswitch -Wno-unused-function -Wno-unused-label -Wno-unused-parameter -Wno-unused-variable -Wunused-value -Wno-empty-body -Wno-uninitialized -Wno-unknown-pragmas -Wno-shadow -Wno-four-char-constants -Wno-conversion -Wno-constant-conversion -Wno-int-conversion -Wno-bool-conversion -Wno-enum-conversion -Wno-float-conversion -Wno-non-literal-null-conversion -Wno-objc-literal-conversion -Wno-shorten-64-to-32 -Wno-newline-eof -Wno-selector -Wno-strict-selector-match -Wno-undeclared-selector -Wno-deprecated-implementations -Wno-c++11-extensions -DCMAKE_INTDIR\=\"Debug\" -DOBJC_OLD_DISPATCH_PROTOTYPES\=1 -isysroot /Applications/Xcode.app/Contents/Developer/Platforms/MacOSX.platform/Developer/SDKs/MacOSX12.3.sdk -fasm-blocks -fstrict-aliasing -Wprotocol -Wdeprecated-declarations -Winvalid-offsetof -g -Wno-sign-conversion -Wno-infinite-recursion -Wno-move -Wno-comma -Wno-block-capture-autoreleasing -Wno-strict-prototypes -Wno-range-loop-analysis -Wno-semicolon-before-method-body -index-store-path /Users/jesson/Library/Developer/Xcode/DerivedData/GameEngine-domfmbeeahxkpvgrswwgcakpbmea/Index/DataStore -I/Users/jesson/Documents/GameEngine/build/mac/bin/Debug/include -I/Users/jesson/Documents/GameEngine/dependencies/glew-2.1.0/include -I/Users/jesson/Documents/GameEngine/dependencies/imgui -I/Users/jesson/Documents/GameEngine/dependencies/glm-0.9.8.5 -I/Users/jesson/Documents/GameEngine/build/mac/client/GameEngine.build/Debug/client.build/DerivedSources-normal/x86_64 -I/Users/jesson/Documents/GameEngine/build/mac/client/GameEngine.build/Debug/client.build/DerivedSources/x86_64 -I/Users/jesson/Documents/GameEngine/build/mac/client/GameEngine.build/Debug/client.build/DerivedSources -F/Users/jesson/Documents/GameEngine/build/mac/bin/Debug -std\=gnu++11 -MMD -MT dependencies -MF /Users/jesson/Documents/GameEngine/build/mac/client/GameEngine.build/Debug/client.build/Objects-normal/x86_64/main.d --serialize-diagnostics /Users/jesson/Documents/GameEngine/build/mac/client/GameEngine.build/Debug/client.build/Objects-normal/x86_64/main.dia -c /Users/jesson/Documents/GameEngine/client/mac/main.mm -o /Users/jesson/Documents/GameEngine/build/mac/client/GameEngine.build/Debug/client.build/Objects-normal/x86_64/main.o -index-unit-output-path /GameEngine.build/Debug/client.build/Objects-normal/x86_64/main.o

CompileC /Users/jesson/Documents/GameEngine/build/mac/client/GameEngine.build/Debug/client.build/Objects-normal/x86_64/imgui_impl_osx.o /Users/jesson/Documents/GameEngine/dependencies/imgui/backends/imgui_impl_osx.mm normal x86_64 objective-c++ com.apple.compilers.llvm.clang.1_0.compiler (in target 'client' from project 'GameEngine')
    cd /Users/jesson/Documents/GameEngine
    export LANG\=en_US.US-ASCII
    /Applications/Xcode.app/Contents/Developer/Toolchains/XcodeDefault.xctoolchain/usr/bin/clang -x objective-c++ -target x86_64-apple-macos10.10 -fmessage-length\=0 -fdiagnostics-show-note-include-stack -fmacro-backtrace-limit\=0 -Wno-trigraphs -fpascal-strings -O0 -Wno-missing-field-initializers -Wno-missing-prototypes -Wno-return-type -Wno-implicit-atomic-properties -Wno-objc-interface-ivars -Wno-arc-repeated-use-of-weak -Wno-non-virtual-dtor -Wno-overloaded-virtual -Wno-exit-time-destructors -Wno-missing-braces -Wparentheses -Wswitch -Wno-unused-function -Wno-unused-label -Wno-unused-parameter -Wno-unused-variable -Wunused-value -Wno-empty-body -Wno-uninitialized -Wno-unknown-pragmas -Wno-shadow -Wno-four-char-constants -Wno-conversion -Wno-constant-conversion -Wno-int-conversion -Wno-bool-conversion -Wno-enum-conversion -Wno-float-conversion -Wno-non-literal-null-conversion -Wno-objc-literal-conversion -Wno-shorten-64-to-32 -Wno-newline-eof -Wno-selector -Wno-strict-selector-match -Wno-undeclared-selector -Wno-deprecated-implementations -Wno-c++11-extensions -DCMAKE_INTDIR\=\"Debug\" -DOBJC_OLD_DISPATCH_PROTOTYPES\=1 -isysroot /Applications/Xcode.app/Contents/Developer/Platforms/MacOSX.platform/Developer/SDKs/MacOSX12.3.sdk -fasm-blocks -fstrict-aliasing -Wprotocol -Wdeprecated-declarations -Winvalid-offsetof -g -Wno-sign-conversion -Wno-infinite-recursion -Wno-move -Wno-comma -Wno-block-capture-autoreleasing -Wno-strict-prototypes -Wno-range-loop-analysis -Wno-semicolon-before-method-body -index-store-path /Users/jesson/Library/Developer/Xcode/DerivedData/GameEngine-domfmbeeahxkpvgrswwgcakpbmea/Index/DataStore -I/Users/jesson/Documents/GameEngine/build/mac/bin/Debug/include -I/Users/jesson/Documents/GameEngine/dependencies/glew-2.1.0/include -I/Users/jesson/Documents/GameEngine/dependencies/imgui -I/Users/jesson/Documents/GameEngine/dependencies/glm-0.9.8.5 -I/Users/jesson/Documents/GameEngine/build/mac/client/GameEngine.build/Debug/client.build/DerivedSources-normal/x86_64 -I/Users/jesson/Documents/GameEngine/build/mac/client/GameEngine.build/Debug/client.build/DerivedSources/x86_64 -I/Users/jesson/Documents/GameEngine/build/mac/client/GameEngine.build/Debug/client.build/DerivedSources -F/Users/jesson/Documents/GameEngine/build/mac/bin/Debug -std\=gnu++11 -MMD -MT dependencies -MF /Users/jesson/Documents/GameEngine/build/mac/client/GameEngine.build/Debug/client.build/Objects-normal/x86_64/imgui_impl_osx.d --serialize-diagnostics /Users/jesson/Documents/GameEngine/build/mac/client/GameEngine.build/Debug/client.build/Objects-normal/x86_64/imgui_impl_osx.dia -c /Users/jesson/Documents/GameEngine/dependencies/imgui/backends/imgui_impl_osx.mm -o /Users/jesson/Documents/GameEngine/build/mac/client/GameEngine.build/Debug/client.build/Objects-normal/x86_64/imgui_impl_osx.o -index-unit-output-path /GameEngine.build/Debug/client.build/Objects-normal/x86_64/imgui_impl_osx.o

CompileC /Users/jesson/Documents/GameEngine/build/mac/client/GameEngine.build/Debug/client.build/Objects-normal/x86_64/imgui_impl_opengl3.o /Users/jesson/Documents/GameEngine/dependencies/imgui/backends/imgui_impl_opengl3.cpp normal x86_64 c++ com.apple.compilers.llvm.clang.1_0.compiler (in target 'client' from project 'GameEngine')
    cd /Users/jesson/Documents/GameEngine
    export LANG\=en_US.US-ASCII
    /Applications/Xcode.app/Contents/Developer/Toolchains/XcodeDefault.xctoolchain/usr/bin/clang -x c++ -target x86_64-apple-macos10.10 -fmessage-length\=0 -fdiagnostics-show-note-include-stack -fmacro-backtrace-limit\=0 -Wno-trigraphs -fpascal-strings -O0 -Wno-missing-field-initializers -Wno-missing-prototypes -Wno-return-type -Wno-non-virtual-dtor -Wno-overloaded-virtual -Wno-exit-time-destructors -Wno-missing-braces -Wparentheses -Wswitch -Wno-unused-function -Wno-unused-label -Wno-unused-parameter -Wno-unused-variable -Wunused-value -Wno-empty-body -Wno-uninitialized -Wno-unknown-pragmas -Wno-shadow -Wno-four-char-constants -Wno-conversion -Wno-constant-conversion -Wno-int-conversion -Wno-bool-conversion -Wno-enum-conversion -Wno-float-conversion -Wno-non-literal-null-conversion -Wno-objc-literal-conversion -Wno-shorten-64-to-32 -Wno-newline-eof -Wno-c++11-extensions -DCMAKE_INTDIR\=\"Debug\" -isysroot /Applications/Xcode.app/Contents/Developer/Platforms/MacOSX.platform/Developer/SDKs/MacOSX12.3.sdk -fasm-blocks -fstrict-aliasing -Wdeprecated-declarations -Winvalid-offsetof -g -Wno-sign-conversion -Wno-infinite-recursion -Wno-move -Wno-comma -Wno-block-capture-autoreleasing -Wno-strict-prototypes -Wno-range-loop-analysis -Wno-semicolon-before-method-body -index-store-path /Users/jesson/Library/Developer/Xcode/DerivedData/GameEngine-domfmbeeahxkpvgrswwgcakpbmea/Index/DataStore -I/Users/jesson/Documents/GameEngine/build/mac/bin/Debug/include -I/Users/jesson/Documents/GameEngine/dependencies/glew-2.1.0/include -I/Users/jesson/Documents/GameEngine/dependencies/imgui -I/Users/jesson/Documents/GameEngine/dependencies/glm-0.9.8.5 -I/Users/jesson/Documents/GameEngine/build/mac/client/GameEngine.build/Debug/client.build/DerivedSources-normal/x86_64 -I/Users/jesson/Documents/GameEngine/build/mac/client/GameEngine.build/Debug/client.build/DerivedSources/x86_64 -I/Users/jesson/Documents/GameEngine/build/mac/client/GameEngine.build/Debug/client.build/DerivedSources -F/Users/jesson/Documents/GameEngine/build/mac/bin/Debug -std\=gnu++11 -MMD -MT dependencies -MF /Users/jesson/Documents/GameEngine/build/mac/client/GameEngine.build/Debug/client.build/Objects-normal/x86_64/imgui_impl_opengl3.d --serialize-diagnostics /Users/jesson/Documents/GameEngine/build/mac/client/GameEngine.build/Debug/client.build/Objects-normal/x86_64/imgui_impl_opengl3.dia -c /Users/jesson/Documents/GameEngine/dependencies/imgui/backends/imgui_impl_opengl3.cpp -o /Users/jesson/Documents/GameEngine/build/mac/client/GameEngine.build/Debug/client.build/Objects-normal/x86_64/imgui_impl_opengl3.o -index-unit-output-path /GameEngine.build/Debug/client.build/Objects-normal/x86_64/imgui_impl_opengl3.o

CompileC /Users/jesson/Documents/GameEngine/build/mac/client/GameEngine.build/Debug/client.build/Objects-normal/x86_64/imgui_draw.o /Users/jesson/Documents/GameEngine/dependencies/imgui/imgui_draw.cpp normal x86_64 c++ com.apple.compilers.llvm.clang.1_0.compiler (in target 'client' from project 'GameEngine')
    cd /Users/jesson/Documents/GameEngine
    export LANG\=en_US.US-ASCII
    /Applications/Xcode.app/Contents/Developer/Toolchains/XcodeDefault.xctoolchain/usr/bin/clang -x c++ -target x86_64-apple-macos10.10 -fmessage-length\=0 -fdiagnostics-show-note-include-stack -fmacro-backtrace-limit\=0 -Wno-trigraphs -fpascal-strings -O0 -Wno-missing-field-initializers -Wno-missing-prototypes -Wno-return-type -Wno-non-virtual-dtor -Wno-overloaded-virtual -Wno-exit-time-destructors -Wno-missing-braces -Wparentheses -Wswitch -Wno-unused-function -Wno-unused-label -Wno-unused-parameter -Wno-unused-variable -Wunused-value -Wno-empty-body -Wno-uninitialized -Wno-unknown-pragmas -Wno-shadow -Wno-four-char-constants -Wno-conversion -Wno-constant-conversion -Wno-int-conversion -Wno-bool-conversion -Wno-enum-conversion -Wno-float-conversion -Wno-non-literal-null-conversion -Wno-objc-literal-conversion -Wno-shorten-64-to-32 -Wno-newline-eof -Wno-c++11-extensions -DCMAKE_INTDIR\=\"Debug\" -isysroot /Applications/Xcode.app/Contents/Developer/Platforms/MacOSX.platform/Developer/SDKs/MacOSX12.3.sdk -fasm-blocks -fstrict-aliasing -Wdeprecated-declarations -Winvalid-offsetof -g -Wno-sign-conversion -Wno-infinite-recursion -Wno-move -Wno-comma -Wno-block-capture-autoreleasing -Wno-strict-prototypes -Wno-range-loop-analysis -Wno-semicolon-before-method-body -index-store-path /Users/jesson/Library/Developer/Xcode/DerivedData/GameEngine-domfmbeeahxkpvgrswwgcakpbmea/Index/DataStore -I/Users/jesson/Documents/GameEngine/build/mac/bin/Debug/include -I/Users/jesson/Documents/GameEngine/dependencies/glew-2.1.0/include -I/Users/jesson/Documents/GameEngine/dependencies/imgui -I/Users/jesson/Documents/GameEngine/dependencies/glm-0.9.8.5 -I/Users/jesson/Documents/GameEngine/build/mac/client/GameEngine.build/Debug/client.build/DerivedSources-normal/x86_64 -I/Users/jesson/Documents/GameEngine/build/mac/client/GameEngine.build/Debug/client.build/DerivedSources/x86_64 -I/Users/jesson/Documents/GameEngine/build/mac/client/GameEngine.build/Debug/client.build/DerivedSources -F/Users/jesson/Documents/GameEngine/build/mac/bin/Debug -std\=gnu++11 -MMD -MT dependencies -MF /Users/jesson/Documents/GameEngine/build/mac/client/GameEngine.build/Debug/client.build/Objects-normal/x86_64/imgui_draw.d --serialize-diagnostics /Users/jesson/Documents/GameEngine/build/mac/client/GameEngine.build/Debug/client.build/Objects-normal/x86_64/imgui_draw.dia -c /Users/jesson/Documents/GameEngine/dependencies/imgui/imgui_draw.cpp -o /Users/jesson/Documents/GameEngine/build/mac/client/GameEngine.build/Debug/client.build/Objects-normal/x86_64/imgui_draw.o -index-unit-output-path /GameEngine.build/Debug/client.build/Objects-normal/x86_64/imgui_draw.o

CompileC /Users/jesson/Documents/GameEngine/build/mac/client/GameEngine.build/Debug/client.build/Objects-normal/x86_64/imgui_demo.o /Users/jesson/Documents/GameEngine/dependencies/imgui/imgui_demo.cpp normal x86_64 c++ com.apple.compilers.llvm.clang.1_0.compiler (in target 'client' from project 'GameEngine')
    cd /Users/jesson/Documents/GameEngine
    export LANG\=en_US.US-ASCII
    /Applications/Xcode.app/Contents/Developer/Toolchains/XcodeDefault.xctoolchain/usr/bin/clang -x c++ -target x86_64-apple-macos10.10 -fmessage-length\=0 -fdiagnostics-show-note-include-stack -fmacro-backtrace-limit\=0 -Wno-trigraphs -fpascal-strings -O0 -Wno-missing-field-initializers -Wno-missing-prototypes -Wno-return-type -Wno-non-virtual-dtor -Wno-overloaded-virtual -Wno-exit-time-destructors -Wno-missing-braces -Wparentheses -Wswitch -Wno-unused-function -Wno-unused-label -Wno-unused-parameter -Wno-unused-variable -Wunused-value -Wno-empty-body -Wno-uninitialized -Wno-unknown-pragmas -Wno-shadow -Wno-four-char-constants -Wno-conversion -Wno-constant-conversion -Wno-int-conversion -Wno-bool-conversion -Wno-enum-conversion -Wno-float-conversion -Wno-non-literal-null-conversion -Wno-objc-literal-conversion -Wno-shorten-64-to-32 -Wno-newline-eof -Wno-c++11-extensions -DCMAKE_INTDIR\=\"Debug\" -isysroot /Applications/Xcode.app/Contents/Developer/Platforms/MacOSX.platform/Developer/SDKs/MacOSX12.3.sdk -fasm-blocks -fstrict-aliasing -Wdeprecated-declarations -Winvalid-offsetof -g -Wno-sign-conversion -Wno-infinite-recursion -Wno-move -Wno-comma -Wno-block-capture-autoreleasing -Wno-strict-prototypes -Wno-range-loop-analysis -Wno-semicolon-before-method-body -index-store-path /Users/jesson/Library/Developer/Xcode/DerivedData/GameEngine-domfmbeeahxkpvgrswwgcakpbmea/Index/DataStore -I/Users/jesson/Documents/GameEngine/build/mac/bin/Debug/include -I/Users/jesson/Documents/GameEngine/dependencies/glew-2.1.0/include -I/Users/jesson/Documents/GameEngine/dependencies/imgui -I/Users/jesson/Documents/GameEngine/dependencies/glm-0.9.8.5 -I/Users/jesson/Documents/GameEngine/build/mac/client/GameEngine.build/Debug/client.build/DerivedSources-normal/x86_64 -I/Users/jesson/Documents/GameEngine/build/mac/client/GameEngine.build/Debug/client.build/DerivedSources/x86_64 -I/Users/jesson/Documents/GameEngine/build/mac/client/GameEngine.build/Debug/client.build/DerivedSources -F/Users/jesson/Documents/GameEngine/build/mac/bin/Debug -std\=gnu++11 -MMD -MT dependencies -MF /Users/jesson/Documents/GameEngine/build/mac/client/GameEngine.build/Debug/client.build/Objects-normal/x86_64/imgui_demo.d --serialize-diagnostics /Users/jesson/Documents/GameEngine/build/mac/client/GameEngine.build/Debug/client.build/Objects-normal/x86_64/imgui_demo.dia -c /Users/jesson/Documents/GameEngine/dependencies/imgui/imgui_demo.cpp -o /Users/jesson/Documents/GameEngine/build/mac/client/GameEngine.build/Debug/client.build/Objects-normal/x86_64/imgui_demo.o -index-unit-output-path /GameEngine.build/Debug/client.build/Objects-normal/x86_64/imgui_demo.o

CompileC /Users/jesson/Documents/GameEngine/build/mac/client/GameEngine.build/Debug/client.build/Objects-normal/x86_64/imgui.o /Users/jesson/Documents/GameEngine/dependencies/imgui/imgui.cpp normal x86_64 c++ com.apple.compilers.llvm.clang.1_0.compiler (in target 'client' from project 'GameEngine')
    cd /Users/jesson/Documents/GameEngine
    export LANG\=en_US.US-ASCII
    /Applications/Xcode.app/Contents/Developer/Toolchains/XcodeDefault.xctoolchain/usr/bin/clang -x c++ -target x86_64-apple-macos10.10 -fmessage-length\=0 -fdiagnostics-show-note-include-stack -fmacro-backtrace-limit\=0 -Wno-trigraphs -fpascal-strings -O0 -Wno-missing-field-initializers -Wno-missing-prototypes -Wno-return-type -Wno-non-virtual-dtor -Wno-overloaded-virtual -Wno-exit-time-destructors -Wno-missing-braces -Wparentheses -Wswitch -Wno-unused-function -Wno-unused-label -Wno-unused-parameter -Wno-unused-variable -Wunused-value -Wno-empty-body -Wno-uninitialized -Wno-unknown-pragmas -Wno-shadow -Wno-four-char-constants -Wno-conversion -Wno-constant-conversion -Wno-int-conversion -Wno-bool-conversion -Wno-enum-conversion -Wno-float-conversion -Wno-non-literal-null-conversion -Wno-objc-literal-conversion -Wno-shorten-64-to-32 -Wno-newline-eof -Wno-c++11-extensions -DCMAKE_INTDIR\=\"Debug\" -isysroot /Applications/Xcode.app/Contents/Developer/Platforms/MacOSX.platform/Developer/SDKs/MacOSX12.3.sdk -fasm-blocks -fstrict-aliasing -Wdeprecated-declarations -Winvalid-offsetof -g -Wno-sign-conversion -Wno-infinite-recursion -Wno-move -Wno-comma -Wno-block-capture-autoreleasing -Wno-strict-prototypes -Wno-range-loop-analysis -Wno-semicolon-before-method-body -index-store-path /Users/jesson/Library/Developer/Xcode/DerivedData/GameEngine-domfmbeeahxkpvgrswwgcakpbmea/Index/DataStore -I/Users/jesson/Documents/GameEngine/build/mac/bin/Debug/include -I/Users/jesson/Documents/GameEngine/dependencies/glew-2.1.0/include -I/Users/jesson/Documents/GameEngine/dependencies/imgui -I/Users/jesson/Documents/GameEngine/dependencies/glm-0.9.8.5 -I/Users/jesson/Documents/GameEngine/build/mac/client/GameEngine.build/Debug/client.build/DerivedSources-normal/x86_64 -I/Users/jesson/Documents/GameEngine/build/mac/client/GameEngine.build/Debug/client.build/DerivedSources/x86_64 -I/Users/jesson/Documents/GameEngine/build/mac/client/GameEngine.build/Debug/client.build/DerivedSources -F/Users/jesson/Documents/GameEngine/build/mac/bin/Debug -std\=gnu++11 -MMD -MT dependencies -MF /Users/jesson/Documents/GameEngine/build/mac/client/GameEngine.build/Debug/client.build/Objects-normal/x86_64/imgui.d --serialize-diagnostics /Users/jesson/Documents/GameEngine/build/mac/client/GameEngine.build/Debug/client.build/Objects-normal/x86_64/imgui.dia -c /Users/jesson/Documents/GameEngine/dependencies/imgui/imgui.cpp -o /Users/jesson/Documents/GameEngine/build/mac/client/GameEngine.build/Debug/client.build/Objects-normal/x86_64/imgui.o -index-unit-output-path /GameEngine.build/Debug/client.build/Objects-normal/x86_64/imgui.o

CompileC /Users/jesson/Documents/GameEngine/build/mac/client/GameEngine.build/Debug/client.build/Objects-normal/x86_64/Shader.o /Users/jesson/Documents/GameEngine/client/Shader.cpp normal x86_64 c++ com.apple.compilers.llvm.clang.1_0.compiler (in target 'client' from project 'GameEngine')
    cd /Users/jesson/Documents/GameEngine
    export LANG\=en_US.US-ASCII
    /Applications/Xcode.app/Contents/Developer/Toolchains/XcodeDefault.xctoolchain/usr/bin/clang -x c++ -target x86_64-apple-macos10.10 -fmessage-length\=0 -fdiagnostics-show-note-include-stack -fmacro-backtrace-limit\=0 -Wno-trigraphs -fpascal-strings -O0 -Wno-missing-field-initializers -Wno-missing-prototypes -Wno-return-type -Wno-non-virtual-dtor -Wno-overloaded-virtual -Wno-exit-time-destructors -Wno-missing-braces -Wparentheses -Wswitch -Wno-unused-function -Wno-unused-label -Wno-unused-parameter -Wno-unused-variable -Wunused-value -Wno-empty-body -Wno-uninitialized -Wno-unknown-pragmas -Wno-shadow -Wno-four-char-constants -Wno-conversion -Wno-constant-conversion -Wno-int-conversion -Wno-bool-conversion -Wno-enum-conversion -Wno-float-conversion -Wno-non-literal-null-conversion -Wno-objc-literal-conversion -Wno-shorten-64-to-32 -Wno-newline-eof -Wno-c++11-extensions -DCMAKE_INTDIR\=\"Debug\" -isysroot /Applications/Xcode.app/Contents/Developer/Platforms/MacOSX.platform/Developer/SDKs/MacOSX12.3.sdk -fasm-blocks -fstrict-aliasing -Wdeprecated-declarations -Winvalid-offsetof -g -Wno-sign-conversion -Wno-infinite-recursion -Wno-move -Wno-comma -Wno-block-capture-autoreleasing -Wno-strict-prototypes -Wno-range-loop-analysis -Wno-semicolon-before-method-body -index-store-path /Users/jesson/Library/Developer/Xcode/DerivedData/GameEngine-domfmbeeahxkpvgrswwgcakpbmea/Index/DataStore -I/Users/jesson/Documents/GameEngine/build/mac/bin/Debug/include -I/Users/jesson/Documents/GameEngine/dependencies/glew-2.1.0/include -I/Users/jesson/Documents/GameEngine/dependencies/imgui -I/Users/jesson/Documents/GameEngine/dependencies/glm-0.9.8.5 -I/Users/jesson/Documents/GameEngine/build/mac/client/GameEngine.build/Debug/client.build/DerivedSources-normal/x86_64 -I/Users/jesson/Documents/GameEngine/build/mac/client/GameEngine.build/Debug/client.build/DerivedSources/x86_64 -I/Users/jesson/Documents/GameEngine/build/mac/client/GameEngine.build/Debug/client.build/DerivedSources -F/Users/jesson/Documents/GameEngine/build/mac/bin/Debug -std\=gnu++11 -MMD -MT dependencies -MF /Users/jesson/Documents/GameEngine/build/mac/client/GameEngine.build/Debug/client.build/Objects-normal/x86_64/Shader.d --serialize-diagnostics /Users/jesson/Documents/GameEngine/build/mac/client/GameEngine.build/Debug/client.build/Objects-normal/x86_64/Shader.dia -c /Users/jesson/Documents/GameEngine/client/Shader.cpp -o /Users/jesson/Documents/GameEngine/build/mac/client/GameEngine.build/Debug/client.build/Objects-normal/x86_64/Shader.o -index-unit-output-path /GameEngine.build/Debug/client.build/Objects-normal/x86_64/Shader.o

CompileC /Users/jesson/Documents/GameEngine/build/mac/client/GameEngine.build/Debug/client.build/Objects-normal/x86_64/Scene.o /Users/jesson/Documents/GameEngine/client/Scene.cpp normal x86_64 c++ com.apple.compilers.llvm.clang.1_0.compiler (in target 'client' from project 'GameEngine')
    cd /Users/jesson/Documents/GameEngine
    export LANG\=en_US.US-ASCII
    /Applications/Xcode.app/Contents/Developer/Toolchains/XcodeDefault.xctoolchain/usr/bin/clang -x c++ -target x86_64-apple-macos10.10 -fmessage-length\=0 -fdiagnostics-show-note-include-stack -fmacro-backtrace-limit\=0 -Wno-trigraphs -fpascal-strings -O0 -Wno-missing-field-initializers -Wno-missing-prototypes -Wno-return-type -Wno-non-virtual-dtor -Wno-overloaded-virtual -Wno-exit-time-destructors -Wno-missing-braces -Wparentheses -Wswitch -Wno-unused-function -Wno-unused-label -Wno-unused-parameter -Wno-unused-variable -Wunused-value -Wno-empty-body -Wno-uninitialized -Wno-unknown-pragmas -Wno-shadow -Wno-four-char-constants -Wno-conversion -Wno-constant-conversion -Wno-int-conversion -Wno-bool-conversion -Wno-enum-conversion -Wno-float-conversion -Wno-non-literal-null-conversion -Wno-objc-literal-conversion -Wno-shorten-64-to-32 -Wno-newline-eof -Wno-c++11-extensions -DCMAKE_INTDIR\=\"Debug\" -isysroot /Applications/Xcode.app/Contents/Developer/Platforms/MacOSX.platform/Developer/SDKs/MacOSX12.3.sdk -fasm-blocks -fstrict-aliasing -Wdeprecated-declarations -Winvalid-offsetof -g -Wno-sign-conversion -Wno-infinite-recursion -Wno-move -Wno-comma -Wno-block-capture-autoreleasing -Wno-strict-prototypes -Wno-range-loop-analysis -Wno-semicolon-before-method-body -index-store-path /Users/jesson/Library/Developer/Xcode/DerivedData/GameEngine-domfmbeeahxkpvgrswwgcakpbmea/Index/DataStore -I/Users/jesson/Documents/GameEngine/build/mac/bin/Debug/include -I/Users/jesson/Documents/GameEngine/dependencies/glew-2.1.0/include -I/Users/jesson/Documents/GameEngine/dependencies/imgui -I/Users/jesson/Documents/GameEngine/dependencies/glm-0.9.8.5 -I/Users/jesson/Documents/GameEngine/build/mac/client/GameEngine.build/Debug/client.build/DerivedSources-normal/x86_64 -I/Users/jesson/Documents/GameEngine/build/mac/client/GameEngine.build/Debug/client.build/DerivedSources/x86_64 -I/Users/jesson/Documents/GameEngine/build/mac/client/GameEngine.build/Debug/client.build/DerivedSources -F/Users/jesson/Documents/GameEngine/build/mac/bin/Debug -std\=gnu++11 -MMD -MT dependencies -MF /Users/jesson/Documents/GameEngine/build/mac/client/GameEngine.build/Debug/client.build/Objects-normal/x86_64/Scene.d --serialize-diagnostics /Users/jesson/Documents/GameEngine/build/mac/client/GameEngine.build/Debug/client.build/Objects-normal/x86_64/Scene.dia -c /Users/jesson/Documents/GameEngine/client/Scene.cpp -o /Users/jesson/Documents/GameEngine/build/mac/client/GameEngine.build/Debug/client.build/Objects-normal/x86_64/Scene.o -index-unit-output-path /GameEngine.build/Debug/client.build/Objects-normal/x86_64/Scene.o
/Users/jesson/Documents/GameEngine/client/Scene.cpp:283:3: warning: 'gluPerspective' is deprecated: first deprecated in macOS 10.9 - "Use GLKMatrix4MakePerspective" [-Wdeprecated-declarations]
  gluPerspective(50.0f, width / height, 0.1f, 1000.0f);
  ^
In file included from /Users/jesson/Documents/GameEngine/client/Scene.cpp:10:
In file included from /Users/jesson/Documents/GameEngine/client/glheader.h:1:
In file included from /Users/jesson/Documents/GameEngine/dependencies/glew-2.1.0/include/GL/glew.h:1203:
/Applications/Xcode.app/Contents/Developer/Platforms/MacOSX.platform/Developer/SDKs/MacOSX12.3.sdk/System/Library/Frameworks/OpenGL.framework/Headers/glu.h:278:13: note: 'gluPerspective' has been explicitly marked deprecated here
extern void gluPerspective (GLdouble fovy, GLdouble aspect, GLdouble zNear, GLdouble zFar) OPENGL_DEPRECATED_MSG(10_0, 10_9, "Use GLKMatrix4MakePerspective");
            ^
1 warning generated.

CompileC /Users/jesson/Documents/GameEngine/build/mac/client/GameEngine.build/Debug/client.build/Objects-normal/x86_64/OGLView.o /Users/jesson/Documents/GameEngine/client/mac/OGLView.mm normal x86_64 objective-c++ com.apple.compilers.llvm.clang.1_0.compiler (in target 'client' from project 'GameEngine')
    cd /Users/jesson/Documents/GameEngine
    export LANG\=en_US.US-ASCII
    /Applications/Xcode.app/Contents/Developer/Toolchains/XcodeDefault.xctoolchain/usr/bin/clang -x objective-c++ -target x86_64-apple-macos10.10 -fmessage-length\=0 -fdiagnostics-show-note-include-stack -fmacro-backtrace-limit\=0 -Wno-trigraphs -fpascal-strings -O0 -Wno-missing-field-initializers -Wno-missing-prototypes -Wno-return-type -Wno-implicit-atomic-properties -Wno-objc-interface-ivars -Wno-arc-repeated-use-of-weak -Wno-non-virtual-dtor -Wno-overloaded-virtual -Wno-exit-time-destructors -Wno-missing-braces -Wparentheses -Wswitch -Wno-unused-function -Wno-unused-label -Wno-unused-parameter -Wno-unused-variable -Wunused-value -Wno-empty-body -Wno-uninitialized -Wno-unknown-pragmas -Wno-shadow -Wno-four-char-constants -Wno-conversion -Wno-constant-conversion -Wno-int-conversion -Wno-bool-conversion -Wno-enum-conversion -Wno-float-conversion -Wno-non-literal-null-conversion -Wno-objc-literal-conversion -Wno-shorten-64-to-32 -Wno-newline-eof -Wno-selector -Wno-strict-selector-match -Wno-undeclared-selector -Wno-deprecated-implementations -Wno-c++11-extensions -DCMAKE_INTDIR\=\"Debug\" -DOBJC_OLD_DISPATCH_PROTOTYPES\=1 -isysroot /Applications/Xcode.app/Contents/Developer/Platforms/MacOSX.platform/Developer/SDKs/MacOSX12.3.sdk -fasm-blocks -fstrict-aliasing -Wprotocol -Wdeprecated-declarations -Winvalid-offsetof -g -Wno-sign-conversion -Wno-infinite-recursion -Wno-move -Wno-comma -Wno-block-capture-autoreleasing -Wno-strict-prototypes -Wno-range-loop-analysis -Wno-semicolon-before-method-body -index-store-path /Users/jesson/Library/Developer/Xcode/DerivedData/GameEngine-domfmbeeahxkpvgrswwgcakpbmea/Index/DataStore -I/Users/jesson/Documents/GameEngine/build/mac/bin/Debug/include -I/Users/jesson/Documents/GameEngine/dependencies/glew-2.1.0/include -I/Users/jesson/Documents/GameEngine/dependencies/imgui -I/Users/jesson/Documents/GameEngine/dependencies/glm-0.9.8.5 -I/Users/jesson/Documents/GameEngine/build/mac/client/GameEngine.build/Debug/client.build/DerivedSources-normal/x86_64 -I/Users/jesson/Documents/GameEngine/build/mac/client/GameEngine.build/Debug/client.build/DerivedSources/x86_64 -I/Users/jesson/Documents/GameEngine/build/mac/client/GameEngine.build/Debug/client.build/DerivedSources -F/Users/jesson/Documents/GameEngine/build/mac/bin/Debug -std\=gnu++11 -MMD -MT dependencies -MF /Users/jesson/Documents/GameEngine/build/mac/client/GameEngine.build/Debug/client.build/Objects-normal/x86_64/OGLView.d --serialize-diagnostics /Users/jesson/Documents/GameEngine/build/mac/client/GameEngine.build/Debug/client.build/Objects-normal/x86_64/OGLView.dia -c /Users/jesson/Documents/GameEngine/client/mac/OGLView.mm -o /Users/jesson/Documents/GameEngine/build/mac/client/GameEngine.build/Debug/client.build/Objects-normal/x86_64/OGLView.o -index-unit-output-path /GameEngine.build/Debug/client.build/Objects-normal/x86_64/OGLView.o

CompileC /Users/jesson/Documents/GameEngine/build/mac/client/GameEngine.build/Debug/client.build/Objects-normal/x86_64/OGLMainWindow.o /Users/jesson/Documents/GameEngine/client/mac/OGLMainWindow.mm normal x86_64 objective-c++ com.apple.compilers.llvm.clang.1_0.compiler (in target 'client' from project 'GameEngine')
    cd /Users/jesson/Documents/GameEngine
    export LANG\=en_US.US-ASCII
    /Applications/Xcode.app/Contents/Developer/Toolchains/XcodeDefault.xctoolchain/usr/bin/clang -x objective-c++ -target x86_64-apple-macos10.10 -fmessage-length\=0 -fdiagnostics-show-note-include-stack -fmacro-backtrace-limit\=0 -Wno-trigraphs -fpascal-strings -O0 -Wno-missing-field-initializers -Wno-missing-prototypes -Wno-return-type -Wno-implicit-atomic-properties -Wno-objc-interface-ivars -Wno-arc-repeated-use-of-weak -Wno-non-virtual-dtor -Wno-overloaded-virtual -Wno-exit-time-destructors -Wno-missing-braces -Wparentheses -Wswitch -Wno-unused-function -Wno-unused-label -Wno-unused-parameter -Wno-unused-variable -Wunused-value -Wno-empty-body -Wno-uninitialized -Wno-unknown-pragmas -Wno-shadow -Wno-four-char-constants -Wno-conversion -Wno-constant-conversion -Wno-int-conversion -Wno-bool-conversion -Wno-enum-conversion -Wno-float-conversion -Wno-non-literal-null-conversion -Wno-objc-literal-conversion -Wno-shorten-64-to-32 -Wno-newline-eof -Wno-selector -Wno-strict-selector-match -Wno-undeclared-selector -Wno-deprecated-implementations -Wno-c++11-extensions -DCMAKE_INTDIR\=\"Debug\" -DOBJC_OLD_DISPATCH_PROTOTYPES\=1 -isysroot /Applications/Xcode.app/Contents/Developer/Platforms/MacOSX.platform/Developer/SDKs/MacOSX12.3.sdk -fasm-blocks -fstrict-aliasing -Wprotocol -Wdeprecated-declarations -Winvalid-offsetof -g -Wno-sign-conversion -Wno-infinite-recursion -Wno-move -Wno-comma -Wno-block-capture-autoreleasing -Wno-strict-prototypes -Wno-range-loop-analysis -Wno-semicolon-before-method-body -index-store-path /Users/jesson/Library/Developer/Xcode/DerivedData/GameEngine-domfmbeeahxkpvgrswwgcakpbmea/Index/DataStore -I/Users/jesson/Documents/GameEngine/build/mac/bin/Debug/include -I/Users/jesson/Documents/GameEngine/dependencies/glew-2.1.0/include -I/Users/jesson/Documents/GameEngine/dependencies/imgui -I/Users/jesson/Documents/GameEngine/dependencies/glm-0.9.8.5 -I/Users/jesson/Documents/GameEngine/build/mac/client/GameEngine.build/Debug/client.build/DerivedSources-normal/x86_64 -I/Users/jesson/Documents/GameEngine/build/mac/client/GameEngine.build/Debug/client.build/DerivedSources/x86_64 -I/Users/jesson/Documents/GameEngine/build/mac/client/GameEngine.build/Debug/client.build/DerivedSources -F/Users/jesson/Documents/GameEngine/build/mac/bin/Debug -std\=gnu++11 -MMD -MT dependencies -MF /Users/jesson/Documents/GameEngine/build/mac/client/GameEngine.build/Debug/client.build/Objects-normal/x86_64/OGLMainWindow.d --serialize-diagnostics /Users/jesson/Documents/GameEngine/build/mac/client/GameEngine.build/Debug/client.build/Objects-normal/x86_64/OGLMainWindow.dia -c /Users/jesson/Documents/GameEngine/client/mac/OGLMainWindow.mm -o /Users/jesson/Documents/GameEngine/build/mac/client/GameEngine.build/Debug/client.build/Objects-normal/x86_64/OGLMainWindow.o -index-unit-output-path /GameEngine.build/Debug/client.build/Objects-normal/x86_64/OGLMainWindow.o

CompileC /Users/jesson/Documents/GameEngine/build/mac/client/GameEngine.build/Debug/client.build/Objects-normal/x86_64/Model003.o /Users/jesson/Documents/GameEngine/client/Model003.cpp normal x86_64 c++ com.apple.compilers.llvm.clang.1_0.compiler (in target 'client' from project 'GameEngine')
    cd /Users/jesson/Documents/GameEngine
    export LANG\=en_US.US-ASCII
    /Applications/Xcode.app/Contents/Developer/Toolchains/XcodeDefault.xctoolchain/usr/bin/clang -x c++ -target x86_64-apple-macos10.10 -fmessage-length\=0 -fdiagnostics-show-note-include-stack -fmacro-backtrace-limit\=0 -Wno-trigraphs -fpascal-strings -O0 -Wno-missing-field-initializers -Wno-missing-prototypes -Wno-return-type -Wno-non-virtual-dtor -Wno-overloaded-virtual -Wno-exit-time-destructors -Wno-missing-braces -Wparentheses -Wswitch -Wno-unused-function -Wno-unused-label -Wno-unused-parameter -Wno-unused-variable -Wunused-value -Wno-empty-body -Wno-uninitialized -Wno-unknown-pragmas -Wno-shadow -Wno-four-char-constants -Wno-conversion -Wno-constant-conversion -Wno-int-conversion -Wno-bool-conversion -Wno-enum-conversion -Wno-float-conversion -Wno-non-literal-null-conversion -Wno-objc-literal-conversion -Wno-shorten-64-to-32 -Wno-newline-eof -Wno-c++11-extensions -DCMAKE_INTDIR\=\"Debug\" -isysroot /Applications/Xcode.app/Contents/Developer/Platforms/MacOSX.platform/Developer/SDKs/MacOSX12.3.sdk -fasm-blocks -fstrict-aliasing -Wdeprecated-declarations -Winvalid-offsetof -g -Wno-sign-conversion -Wno-infinite-recursion -Wno-move -Wno-comma -Wno-block-capture-autoreleasing -Wno-strict-prototypes -Wno-range-loop-analysis -Wno-semicolon-before-method-body -index-store-path /Users/jesson/Library/Developer/Xcode/DerivedData/GameEngine-domfmbeeahxkpvgrswwgcakpbmea/Index/DataStore -I/Users/jesson/Documents/GameEngine/build/mac/bin/Debug/include -I/Users/jesson/Documents/GameEngine/dependencies/glew-2.1.0/include -I/Users/jesson/Documents/GameEngine/dependencies/imgui -I/Users/jesson/Documents/GameEngine/dependencies/glm-0.9.8.5 -I/Users/jesson/Documents/GameEngine/build/mac/client/GameEngine.build/Debug/client.build/DerivedSources-normal/x86_64 -I/Users/jesson/Documents/GameEngine/build/mac/client/GameEngine.build/Debug/client.build/DerivedSources/x86_64 -I/Users/jesson/Documents/GameEngine/build/mac/client/GameEngine.build/Debug/client.build/DerivedSources -F/Users/jesson/Documents/GameEngine/build/mac/bin/Debug -std\=gnu++11 -MMD -MT dependencies -MF /Users/jesson/Documents/GameEngine/build/mac/client/GameEngine.build/Debug/client.build/Objects-normal/x86_64/Model003.d --serialize-diagnostics /Users/jesson/Documents/GameEngine/build/mac/client/GameEngine.build/Debug/client.build/Objects-normal/x86_64/Model003.dia -c /Users/jesson/Documents/GameEngine/client/Model003.cpp -o /Users/jesson/Documents/GameEngine/build/mac/client/GameEngine.build/Debug/client.build/Objects-normal/x86_64/Model003.o -index-unit-output-path /GameEngine.build/Debug/client.build/Objects-normal/x86_64/Model003.o

CompileC /Users/jesson/Documents/GameEngine/build/mac/client/GameEngine.build/Debug/client.build/Objects-normal/x86_64/Model002.o /Users/jesson/Documents/GameEngine/client/Model002.cpp normal x86_64 c++ com.apple.compilers.llvm.clang.1_0.compiler (in target 'client' from project 'GameEngine')
    cd /Users/jesson/Documents/GameEngine
    export LANG\=en_US.US-ASCII
    /Applications/Xcode.app/Contents/Developer/Toolchains/XcodeDefault.xctoolchain/usr/bin/clang -x c++ -target x86_64-apple-macos10.10 -fmessage-length\=0 -fdiagnostics-show-note-include-stack -fmacro-backtrace-limit\=0 -Wno-trigraphs -fpascal-strings -O0 -Wno-missing-field-initializers -Wno-missing-prototypes -Wno-return-type -Wno-non-virtual-dtor -Wno-overloaded-virtual -Wno-exit-time-destructors -Wno-missing-braces -Wparentheses -Wswitch -Wno-unused-function -Wno-unused-label -Wno-unused-parameter -Wno-unused-variable -Wunused-value -Wno-empty-body -Wno-uninitialized -Wno-unknown-pragmas -Wno-shadow -Wno-four-char-constants -Wno-conversion -Wno-constant-conversion -Wno-int-conversion -Wno-bool-conversion -Wno-enum-conversion -Wno-float-conversion -Wno-non-literal-null-conversion -Wno-objc-literal-conversion -Wno-shorten-64-to-32 -Wno-newline-eof -Wno-c++11-extensions -DCMAKE_INTDIR\=\"Debug\" -isysroot /Applications/Xcode.app/Contents/Developer/Platforms/MacOSX.platform/Developer/SDKs/MacOSX12.3.sdk -fasm-blocks -fstrict-aliasing -Wdeprecated-declarations -Winvalid-offsetof -g -Wno-sign-conversion -Wno-infinite-recursion -Wno-move -Wno-comma -Wno-block-capture-autoreleasing -Wno-strict-prototypes -Wno-range-loop-analysis -Wno-semicolon-before-method-body -index-store-path /Users/jesson/Library/Developer/Xcode/DerivedData/GameEngine-domfmbeeahxkpvgrswwgcakpbmea/Index/DataStore -I/Users/jesson/Documents/GameEngine/build/mac/bin/Debug/include -I/Users/jesson/Documents/GameEngine/dependencies/glew-2.1.0/include -I/Users/jesson/Documents/GameEngine/dependencies/imgui -I/Users/jesson/Documents/GameEngine/dependencies/glm-0.9.8.5 -I/Users/jesson/Documents/GameEngine/build/mac/client/GameEngine.build/Debug/client.build/DerivedSources-normal/x86_64 -I/Users/jesson/Documents/GameEngine/build/mac/client/GameEngine.build/Debug/client.build/DerivedSources/x86_64 -I/Users/jesson/Documents/GameEngine/build/mac/client/GameEngine.build/Debug/client.build/DerivedSources -F/Users/jesson/Documents/GameEngine/build/mac/bin/Debug -std\=gnu++11 -MMD -MT dependencies -MF /Users/jesson/Documents/GameEngine/build/mac/client/GameEngine.build/Debug/client.build/Objects-normal/x86_64/Model002.d --serialize-diagnostics /Users/jesson/Documents/GameEngine/build/mac/client/GameEngine.build/Debug/client.build/Objects-normal/x86_64/Model002.dia -c /Users/jesson/Documents/GameEngine/client/Model002.cpp -o /Users/jesson/Documents/GameEngine/build/mac/client/GameEngine.build/Debug/client.build/Objects-normal/x86_64/Model002.o -index-unit-output-path /GameEngine.build/Debug/client.build/Objects-normal/x86_64/Model002.o

CompileC /Users/jesson/Documents/GameEngine/build/mac/client/GameEngine.build/Debug/client.build/Objects-normal/x86_64/Model001.o /Users/jesson/Documents/GameEngine/client/Model001.cpp normal x86_64 c++ com.apple.compilers.llvm.clang.1_0.compiler (in target 'client' from project 'GameEngine')
    cd /Users/jesson/Documents/GameEngine
    export LANG\=en_US.US-ASCII
    /Applications/Xcode.app/Contents/Developer/Toolchains/XcodeDefault.xctoolchain/usr/bin/clang -x c++ -target x86_64-apple-macos10.10 -fmessage-length\=0 -fdiagnostics-show-note-include-stack -fmacro-backtrace-limit\=0 -Wno-trigraphs -fpascal-strings -O0 -Wno-missing-field-initializers -Wno-missing-prototypes -Wno-return-type -Wno-non-virtual-dtor -Wno-overloaded-virtual -Wno-exit-time-destructors -Wno-missing-braces -Wparentheses -Wswitch -Wno-unused-function -Wno-unused-label -Wno-unused-parameter -Wno-unused-variable -Wunused-value -Wno-empty-body -Wno-uninitialized -Wno-unknown-pragmas -Wno-shadow -Wno-four-char-constants -Wno-conversion -Wno-constant-conversion -Wno-int-conversion -Wno-bool-conversion -Wno-enum-conversion -Wno-float-conversion -Wno-non-literal-null-conversion -Wno-objc-literal-conversion -Wno-shorten-64-to-32 -Wno-newline-eof -Wno-c++11-extensions -DCMAKE_INTDIR\=\"Debug\" -isysroot /Applications/Xcode.app/Contents/Developer/Platforms/MacOSX.platform/Developer/SDKs/MacOSX12.3.sdk -fasm-blocks -fstrict-aliasing -Wdeprecated-declarations -Winvalid-offsetof -g -Wno-sign-conversion -Wno-infinite-recursion -Wno-move -Wno-comma -Wno-block-capture-autoreleasing -Wno-strict-prototypes -Wno-range-loop-analysis -Wno-semicolon-before-method-body -index-store-path /Users/jesson/Library/Developer/Xcode/DerivedData/GameEngine-domfmbeeahxkpvgrswwgcakpbmea/Index/DataStore -I/Users/jesson/Documents/GameEngine/build/mac/bin/Debug/include -I/Users/jesson/Documents/GameEngine/dependencies/glew-2.1.0/include -I/Users/jesson/Documents/GameEngine/dependencies/imgui -I/Users/jesson/Documents/GameEngine/dependencies/glm-0.9.8.5 -I/Users/jesson/Documents/GameEngine/build/mac/client/GameEngine.build/Debug/client.build/DerivedSources-normal/x86_64 -I/Users/jesson/Documents/GameEngine/build/mac/client/GameEngine.build/Debug/client.build/DerivedSources/x86_64 -I/Users/jesson/Documents/GameEngine/build/mac/client/GameEngine.build/Debug/client.build/DerivedSources -F/Users/jesson/Documents/GameEngine/build/mac/bin/Debug -std\=gnu++11 -MMD -MT dependencies -MF /Users/jesson/Documents/GameEngine/build/mac/client/GameEngine.build/Debug/client.build/Objects-normal/x86_64/Model001.d --serialize-diagnostics /Users/jesson/Documents/GameEngine/build/mac/client/GameEngine.build/Debug/client.build/Objects-normal/x86_64/Model001.dia -c /Users/jesson/Documents/GameEngine/client/Model001.cpp -o /Users/jesson/Documents/GameEngine/build/mac/client/GameEngine.build/Debug/client.build/Objects-normal/x86_64/Model001.o -index-unit-output-path /GameEngine.build/Debug/client.build/Objects-normal/x86_64/Model001.o

CompileC /Users/jesson/Documents/GameEngine/build/mac/client/GameEngine.build/Debug/client.build/Objects-normal/x86_64/Model.o /Users/jesson/Documents/GameEngine/client/Model.cpp normal x86_64 c++ com.apple.compilers.llvm.clang.1_0.compiler (in target 'client' from project 'GameEngine')
    cd /Users/jesson/Documents/GameEngine
    export LANG\=en_US.US-ASCII
    /Applications/Xcode.app/Contents/Developer/Toolchains/XcodeDefault.xctoolchain/usr/bin/clang -x c++ -target x86_64-apple-macos10.10 -fmessage-length\=0 -fdiagnostics-show-note-include-stack -fmacro-backtrace-limit\=0 -Wno-trigraphs -fpascal-strings -O0 -Wno-missing-field-initializers -Wno-missing-prototypes -Wno-return-type -Wno-non-virtual-dtor -Wno-overloaded-virtual -Wno-exit-time-destructors -Wno-missing-braces -Wparentheses -Wswitch -Wno-unused-function -Wno-unused-label -Wno-unused-parameter -Wno-unused-variable -Wunused-value -Wno-empty-body -Wno-uninitialized -Wno-unknown-pragmas -Wno-shadow -Wno-four-char-constants -Wno-conversion -Wno-constant-conversion -Wno-int-conversion -Wno-bool-conversion -Wno-enum-conversion -Wno-float-conversion -Wno-non-literal-null-conversion -Wno-objc-literal-conversion -Wno-shorten-64-to-32 -Wno-newline-eof -Wno-c++11-extensions -DCMAKE_INTDIR\=\"Debug\" -isysroot /Applications/Xcode.app/Contents/Developer/Platforms/MacOSX.platform/Developer/SDKs/MacOSX12.3.sdk -fasm-blocks -fstrict-aliasing -Wdeprecated-declarations -Winvalid-offsetof -g -Wno-sign-conversion -Wno-infinite-recursion -Wno-move -Wno-comma -Wno-block-capture-autoreleasing -Wno-strict-prototypes -Wno-range-loop-analysis -Wno-semicolon-before-method-body -index-store-path /Users/jesson/Library/Developer/Xcode/DerivedData/GameEngine-domfmbeeahxkpvgrswwgcakpbmea/Index/DataStore -I/Users/jesson/Documents/GameEngine/build/mac/bin/Debug/include -I/Users/jesson/Documents/GameEngine/dependencies/glew-2.1.0/include -I/Users/jesson/Documents/GameEngine/dependencies/imgui -I/Users/jesson/Documents/GameEngine/dependencies/glm-0.9.8.5 -I/Users/jesson/Documents/GameEngine/build/mac/client/GameEngine.build/Debug/client.build/DerivedSources-normal/x86_64 -I/Users/jesson/Documents/GameEngine/build/mac/client/GameEngine.build/Debug/client.build/DerivedSources/x86_64 -I/Users/jesson/Documents/GameEngine/build/mac/client/GameEngine.build/Debug/client.build/DerivedSources -F/Users/jesson/Documents/GameEngine/build/mac/bin/Debug -std\=gnu++11 -MMD -MT dependencies -MF /Users/jesson/Documents/GameEngine/build/mac/client/GameEngine.build/Debug/client.build/Objects-normal/x86_64/Model.d --serialize-diagnostics /Users/jesson/Documents/GameEngine/build/mac/client/GameEngine.build/Debug/client.build/Objects-normal/x86_64/Model.dia -c /Users/jesson/Documents/GameEngine/client/Model.cpp -o /Users/jesson/Documents/GameEngine/build/mac/client/GameEngine.build/Debug/client.build/Objects-normal/x86_64/Model.o -index-unit-output-path /GameEngine.build/Debug/client.build/Objects-normal/x86_64/Model.o

CompileC /Users/jesson/Documents/GameEngine/build/mac/client/GameEngine.build/Debug/client.build/Objects-normal/x86_64/FileUtils.o /Users/jesson/Documents/GameEngine/client/FileUtils.cpp normal x86_64 c++ com.apple.compilers.llvm.clang.1_0.compiler (in target 'client' from project 'GameEngine')
    cd /Users/jesson/Documents/GameEngine
    export LANG\=en_US.US-ASCII
    /Applications/Xcode.app/Contents/Developer/Toolchains/XcodeDefault.xctoolchain/usr/bin/clang -x c++ -target x86_64-apple-macos10.10 -fmessage-length\=0 -fdiagnostics-show-note-include-stack -fmacro-backtrace-limit\=0 -Wno-trigraphs -fpascal-strings -O0 -Wno-missing-field-initializers -Wno-missing-prototypes -Wno-return-type -Wno-non-virtual-dtor -Wno-overloaded-virtual -Wno-exit-time-destructors -Wno-missing-braces -Wparentheses -Wswitch -Wno-unused-function -Wno-unused-label -Wno-unused-parameter -Wno-unused-variable -Wunused-value -Wno-empty-body -Wno-uninitialized -Wno-unknown-pragmas -Wno-shadow -Wno-four-char-constants -Wno-conversion -Wno-constant-conversion -Wno-int-conversion -Wno-bool-conversion -Wno-enum-conversion -Wno-float-conversion -Wno-non-literal-null-conversion -Wno-objc-literal-conversion -Wno-shorten-64-to-32 -Wno-newline-eof -Wno-c++11-extensions -DCMAKE_INTDIR\=\"Debug\" -isysroot /Applications/Xcode.app/Contents/Developer/Platforms/MacOSX.platform/Developer/SDKs/MacOSX12.3.sdk -fasm-blocks -fstrict-aliasing -Wdeprecated-declarations -Winvalid-offsetof -g -Wno-sign-conversion -Wno-infinite-recursion -Wno-move -Wno-comma -Wno-block-capture-autoreleasing -Wno-strict-prototypes -Wno-range-loop-analysis -Wno-semicolon-before-method-body -index-store-path /Users/jesson/Library/Developer/Xcode/DerivedData/GameEngine-domfmbeeahxkpvgrswwgcakpbmea/Index/DataStore -I/Users/jesson/Documents/GameEngine/build/mac/bin/Debug/include -I/Users/jesson/Documents/GameEngine/dependencies/glew-2.1.0/include -I/Users/jesson/Documents/GameEngine/dependencies/imgui -I/Users/jesson/Documents/GameEngine/dependencies/glm-0.9.8.5 -I/Users/jesson/Documents/GameEngine/build/mac/client/GameEngine.build/Debug/client.build/DerivedSources-normal/x86_64 -I/Users/jesson/Documents/GameEngine/build/mac/client/GameEngine.build/Debug/client.build/DerivedSources/x86_64 -I/Users/jesson/Documents/GameEngine/build/mac/client/GameEngine.build/Debug/client.build/DerivedSources -F/Users/jesson/Documents/GameEngine/build/mac/bin/Debug -std\=gnu++11 -MMD -MT dependencies -MF /Users/jesson/Documents/GameEngine/build/mac/client/GameEngine.build/Debug/client.build/Objects-normal/x86_64/FileUtils.d --serialize-diagnostics /Users/jesson/Documents/GameEngine/build/mac/client/GameEngine.build/Debug/client.build/Objects-normal/x86_64/FileUtils.dia -c /Users/jesson/Documents/GameEngine/client/FileUtils.cpp -o /Users/jesson/Documents/GameEngine/build/mac/client/GameEngine.build/Debug/client.build/Objects-normal/x86_64/FileUtils.o -index-unit-output-path /GameEngine.build/Debug/client.build/Objects-normal/x86_64/FileUtils.o

CompileC /Users/jesson/Documents/GameEngine/build/mac/client/GameEngine.build/Debug/client.build/Objects-normal/x86_64/FileUtils-Mac.o /Users/jesson/Documents/GameEngine/client/mac/FileUtils-Mac.mm normal x86_64 objective-c++ com.apple.compilers.llvm.clang.1_0.compiler (in target 'client' from project 'GameEngine')
    cd /Users/jesson/Documents/GameEngine
    export LANG\=en_US.US-ASCII
    /Applications/Xcode.app/Contents/Developer/Toolchains/XcodeDefault.xctoolchain/usr/bin/clang -x objective-c++ -target x86_64-apple-macos10.10 -fmessage-length\=0 -fdiagnostics-show-note-include-stack -fmacro-backtrace-limit\=0 -Wno-trigraphs -fpascal-strings -O0 -Wno-missing-field-initializers -Wno-missing-prototypes -Wno-return-type -Wno-implicit-atomic-properties -Wno-objc-interface-ivars -Wno-arc-repeated-use-of-weak -Wno-non-virtual-dtor -Wno-overloaded-virtual -Wno-exit-time-destructors -Wno-missing-braces -Wparentheses -Wswitch -Wno-unused-function -Wno-unused-label -Wno-unused-parameter -Wno-unused-variable -Wunused-value -Wno-empty-body -Wno-uninitialized -Wno-unknown-pragmas -Wno-shadow -Wno-four-char-constants -Wno-conversion -Wno-constant-conversion -Wno-int-conversion -Wno-bool-conversion -Wno-enum-conversion -Wno-float-conversion -Wno-non-literal-null-conversion -Wno-objc-literal-conversion -Wno-shorten-64-to-32 -Wno-newline-eof -Wno-selector -Wno-strict-selector-match -Wno-undeclared-selector -Wno-deprecated-implementations -Wno-c++11-extensions -DCMAKE_INTDIR\=\"Debug\" -DOBJC_OLD_DISPATCH_PROTOTYPES\=1 -isysroot /Applications/Xcode.app/Contents/Developer/Platforms/MacOSX.platform/Developer/SDKs/MacOSX12.3.sdk -fasm-blocks -fstrict-aliasing -Wprotocol -Wdeprecated-declarations -Winvalid-offsetof -g -Wno-sign-conversion -Wno-infinite-recursion -Wno-move -Wno-comma -Wno-block-capture-autoreleasing -Wno-strict-prototypes -Wno-range-loop-analysis -Wno-semicolon-before-method-body -index-store-path /Users/jesson/Library/Developer/Xcode/DerivedData/GameEngine-domfmbeeahxkpvgrswwgcakpbmea/Index/DataStore -I/Users/jesson/Documents/GameEngine/build/mac/bin/Debug/include -I/Users/jesson/Documents/GameEngine/dependencies/glew-2.1.0/include -I/Users/jesson/Documents/GameEngine/dependencies/imgui -I/Users/jesson/Documents/GameEngine/dependencies/glm-0.9.8.5 -I/Users/jesson/Documents/GameEngine/build/mac/client/GameEngine.build/Debug/client.build/DerivedSources-normal/x86_64 -I/Users/jesson/Documents/GameEngine/build/mac/client/GameEngine.build/Debug/client.build/DerivedSources/x86_64 -I/Users/jesson/Documents/GameEngine/build/mac/client/GameEngine.build/Debug/client.build/DerivedSources -F/Users/jesson/Documents/GameEngine/build/mac/bin/Debug -std\=gnu++11 -MMD -MT dependencies -MF /Users/jesson/Documents/GameEngine/build/mac/client/GameEngine.build/Debug/client.build/Objects-normal/x86_64/FileUtils-Mac.d --serialize-diagnostics /Users/jesson/Documents/GameEngine/build/mac/client/GameEngine.build/Debug/client.build/Objects-normal/x86_64/FileUtils-Mac.dia -c /Users/jesson/Documents/GameEngine/client/mac/FileUtils-Mac.mm -o /Users/jesson/Documents/GameEngine/build/mac/client/GameEngine.build/Debug/client.build/Objects-normal/x86_64/FileUtils-Mac.o -index-unit-output-path /GameEngine.build/Debug/client.build/Objects-normal/x86_64/FileUtils-Mac.o

CompileC /Users/jesson/Documents/GameEngine/build/mac/client/GameEngine.build/Debug/client.build/Objects-normal/x86_64/AppDelegate.o /Users/jesson/Documents/GameEngine/client/mac/AppDelegate.mm normal x86_64 objective-c++ com.apple.compilers.llvm.clang.1_0.compiler (in target 'client' from project 'GameEngine')
    cd /Users/jesson/Documents/GameEngine
    export LANG\=en_US.US-ASCII
    /Applications/Xcode.app/Contents/Developer/Toolchains/XcodeDefault.xctoolchain/usr/bin/clang -x objective-c++ -target x86_64-apple-macos10.10 -fmessage-length\=0 -fdiagnostics-show-note-include-stack -fmacro-backtrace-limit\=0 -Wno-trigraphs -fpascal-strings -O0 -Wno-missing-field-initializers -Wno-missing-prototypes -Wno-return-type -Wno-implicit-atomic-properties -Wno-objc-interface-ivars -Wno-arc-repeated-use-of-weak -Wno-non-virtual-dtor -Wno-overloaded-virtual -Wno-exit-time-destructors -Wno-missing-braces -Wparentheses -Wswitch -Wno-unused-function -Wno-unused-label -Wno-unused-parameter -Wno-unused-variable -Wunused-value -Wno-empty-body -Wno-uninitialized -Wno-unknown-pragmas -Wno-shadow -Wno-four-char-constants -Wno-conversion -Wno-constant-conversion -Wno-int-conversion -Wno-bool-conversion -Wno-enum-conversion -Wno-float-conversion -Wno-non-literal-null-conversion -Wno-objc-literal-conversion -Wno-shorten-64-to-32 -Wno-newline-eof -Wno-selector -Wno-strict-selector-match -Wno-undeclared-selector -Wno-deprecated-implementations -Wno-c++11-extensions -DCMAKE_INTDIR\=\"Debug\" -DOBJC_OLD_DISPATCH_PROTOTYPES\=1 -isysroot /Applications/Xcode.app/Contents/Developer/Platforms/MacOSX.platform/Developer/SDKs/MacOSX12.3.sdk -fasm-blocks -fstrict-aliasing -Wprotocol -Wdeprecated-declarations -Winvalid-offsetof -g -Wno-sign-conversion -Wno-infinite-recursion -Wno-move -Wno-comma -Wno-block-capture-autoreleasing -Wno-strict-prototypes -Wno-range-loop-analysis -Wno-semicolon-before-method-body -index-store-path /Users/jesson/Library/Developer/Xcode/DerivedData/GameEngine-domfmbeeahxkpvgrswwgcakpbmea/Index/DataStore -I/Users/jesson/Documents/GameEngine/build/mac/bin/Debug/include -I/Users/jesson/Documents/GameEngine/dependencies/glew-2.1.0/include -I/Users/jesson/Documents/GameEngine/dependencies/imgui -I/Users/jesson/Documents/GameEngine/dependencies/glm-0.9.8.5 -I/Users/jesson/Documents/GameEngine/build/mac/client/GameEngine.build/Debug/client.build/DerivedSources-normal/x86_64 -I/Users/jesson/Documents/GameEngine/build/mac/client/GameEngine.build/Debug/client.build/DerivedSources/x86_64 -I/Users/jesson/Documents/GameEngine/build/mac/client/GameEngine.build/Debug/client.build/DerivedSources -F/Users/jesson/Documents/GameEngine/build/mac/bin/Debug -std\=gnu++11 -MMD -MT dependencies -MF /Users/jesson/Documents/GameEngine/build/mac/client/GameEngine.build/Debug/client.build/Objects-normal/x86_64/AppDelegate.d --serialize-diagnostics /Users/jesson/Documents/GameEngine/build/mac/client/GameEngine.build/Debug/client.build/Objects-normal/x86_64/AppDelegate.dia -c /Users/jesson/Documents/GameEngine/client/mac/AppDelegate.mm -o /Users/jesson/Documents/GameEngine/build/mac/client/GameEngine.build/Debug/client.build/Objects-normal/x86_64/AppDelegate.o -index-unit-output-path /GameEngine.build/Debug/client.build/Objects-normal/x86_64/AppDelegate.o

Ld /Users/jesson/Documents/GameEngine/build/mac/bin/Debug/game.app/Contents/MacOS/game normal (in target 'client' from project 'GameEngine')
    cd /Users/jesson/Documents/GameEngine
    /Applications/Xcode.app/Contents/Developer/Toolchains/XcodeDefault.xctoolchain/usr/bin/clang++ -target x86_64-apple-macos10.10 -isysroot /Applications/Xcode.app/Contents/Developer/Platforms/MacOSX.platform/Developer/SDKs/MacOSX12.3.sdk -L/Users/jesson/Documents/GameEngine/build/mac/bin/Debug -L/Users/jesson/Documents/GameEngine/dependencies/glew-2.2.0/lib/mac/Debug -L/Users/jesson/Documents/GameEngine/dependencies/glew-2.2.0/lib/mac -F/Users/jesson/Documents/GameEngine/build/mac/bin/Debug -filelist /Users/jesson/Documents/GameEngine/build/mac/client/GameEngine.build/Debug/client.build/Objects-normal/x86_64/game.LinkFileList -Xlinker -rpath -Xlinker @executable_path/Frameworks -Xlinker -object_path_lto -Xlinker /Users/jesson/Documents/GameEngine/build/mac/client/GameEngine.build/Debug/client.build/Objects-normal/x86_64/game_lto.o -Xlinker -no_deduplicate -fobjc-link-runtime -framework AppKit -Wl,-search_paths_first -Wl,-headerpad_max_install_names -lGLEW -framework OpenGL -framework GameController -Xlinker -no_adhoc_codesign -Xlinker -dependency_info -Xlinker /Users/jesson/Documents/GameEngine/build/mac/client/GameEngine.build/Debug/client.build/Objects-normal/x86_64/game_dependency_info.dat -o /Users/jesson/Documents/GameEngine/build/mac/bin/Debug/game.app/Contents/MacOS/game
ld: warning: directory not found for option '-L/Users/jesson/Documents/GameEngine/dependencies/glew-2.2.0/lib/mac/Debug'
ld: warning: dylib (/Users/jesson/Documents/GameEngine/dependencies/glew-2.2.0/lib/mac/libGLEW.dylib) was built for newer macOS version (11.0) than being linked (10.10)

WriteAuxiliaryFile /Users/jesson/Documents/GameEngine/build/mac/client/GameEngine.build/Debug/client.build/Script-9BC47C5C92E175A2C29356DD.sh (in target 'client' from project 'GameEngine')
    cd /Users/jesson/Documents/GameEngine
    write-file /Users/jesson/Documents/GameEngine/build/mac/client/GameEngine.build/Debug/client.build/Script-9BC47C5C92E175A2C29356DD.sh

PhaseScriptExecution CMake\ PostBuild\ Rules /Users/jesson/Documents/GameEngine/build/mac/client/GameEngine.build/Debug/client.build/Script-9BC47C5C92E175A2C29356DD.sh (in target 'client' from project 'GameEngine')
    cd /Users/jesson/Documents/GameEngine
    /bin/sh -c /Users/jesson/Documents/GameEngine/build/mac/client/GameEngine.build/Debug/client.build/Script-9BC47C5C92E175A2C29356DD.sh

CodeSign /Users/jesson/Documents/GameEngine/build/mac/bin/Debug/game.app (in target 'client' from project 'GameEngine')
    cd /Users/jesson/Documents/GameEngine
    export CODESIGN_ALLOCATE\=/Applications/Xcode.app/Contents/Developer/Toolchains/XcodeDefault.xctoolchain/usr/bin/codesign_allocate
    
    Signing Identity:     "-"
    
    /usr/bin/codesign --force --sign - --entitlements /Users/jesson/Documents/GameEngine/build/mac/client/GameEngine.build/Debug/client.build/game.app.xcent --timestamp\=none --generate-entitlement-der /Users/jesson/Documents/GameEngine/build/mac/bin/Debug/game.app

RegisterExecutionPolicyException /Users/jesson/Documents/GameEngine/build/mac/bin/Debug/game.app (in target 'client' from project 'GameEngine')
    cd /Users/jesson/Documents/GameEngine
    builtin-RegisterExecutionPolicyException /Users/jesson/Documents/GameEngine/build/mac/bin/Debug/game.app

Validate /Users/jesson/Documents/GameEngine/build/mac/bin/Debug/game.app (in target 'client' from project 'GameEngine')
    cd /Users/jesson/Documents/GameEngine
    builtin-validationUtility /Users/jesson/Documents/GameEngine/build/mac/bin/Debug/game.app -no-validate-extension

RegisterWithLaunchServices /Users/jesson/Documents/GameEngine/build/mac/bin/Debug/game.app (in target 'client' from project 'GameEngine')
    cd /Users/jesson/Documents/GameEngine
    /System/Library/Frameworks/CoreServices.framework/Versions/Current/Frameworks/LaunchServices.framework/Versions/Current/Support/lsregister -f -R -trusted /Users/jesson/Documents/GameEngine/build/mac/bin/Debug/game.app

Touch /Users/jesson/Documents/GameEngine/build/mac/bin/Debug/game.app (in target 'client' from project 'GameEngine')
    cd /Users/jesson/Documents/GameEngine
    /usr/bin/touch -c /Users/jesson/Documents/GameEngine/build/mac/bin/Debug/game.app

** BUILD SUCCEEDED **

